INFO - 2023-10-10 03:19:41 --> Session: Class initialized using 'CodeIgniter\Session\Handlers\FileHandler' driver.
INFO - 2023-10-10 03:20:00 --> Session: Class initialized using 'CodeIgniter\Session\Handlers\FileHandler' driver.
INFO - 2023-10-10 03:20:14 --> Session: Class initialized using 'CodeIgniter\Session\Handlers\FileHandler' driver.
INFO - 2023-10-10 03:20:28 --> Session: Class initialized using 'CodeIgniter\Session\Handlers\FileHandler' driver.
INFO - 2023-10-10 03:20:32 --> Session: Class initialized using 'CodeIgniter\Session\Handlers\FileHandler' driver.
INFO - 2023-10-10 03:20:38 --> Session: Class initialized using 'CodeIgniter\Session\Handlers\FileHandler' driver.
INFO - 2023-10-10 03:20:43 --> Session: Class initialized using 'CodeIgniter\Session\Handlers\FileHandler' driver.
INFO - 2023-10-10 03:21:14 --> Session: Class initialized using 'CodeIgniter\Session\Handlers\FileHandler' driver.
INFO - 2023-10-10 03:21:24 --> Session: Class initialized using 'CodeIgniter\Session\Handlers\FileHandler' driver.
CRITICAL - 2023-10-10 04:13:52 --> Undefined variable $category
in APPPATH\Controllers\UserController.php on line 127.
 1 APPPATH\Controllers\UserController.php(127): CodeIgniter\Debug\Exceptions->errorHandler(2, 'Undefined variable $category', 'E:\\xampp\\htdocs\\0.codeigniter\\ci_dashboard\\app\\Controllers\\UserController.php', 127)
 2 SYSTEMPATH\CodeIgniter.php(919): App\Controllers\UserController->store_author()
 3 SYSTEMPATH\CodeIgniter.php(494): CodeIgniter\CodeIgniter->runController(Object(App\Controllers\UserController))
 4 SYSTEMPATH\CodeIgniter.php(353): CodeIgniter\CodeIgniter->handleRequest(null, Object(Config\Cache), false)
 5 FCPATH\index.php(79): CodeIgniter\CodeIgniter->run()
 6 SYSTEMPATH\Commands\Server\rewrite.php(47): require_once('E:\\xampp\\htdocs\\0.codeigniter\\ci_dashboard\\public\\index.php')
INFO - 2023-10-10 04:14:13 --> Session: Class initialized using 'CodeIgniter\Session\Handlers\FileHandler' driver.
INFO - 2023-10-10 04:14:55 --> Session: Class initialized using 'CodeIgniter\Session\Handlers\FileHandler' driver.
ERROR - 2023-10-10 04:20:46 --> mysqli_sql_exception: Unknown column 'cat_id' in 'order clause' in E:\xampp\htdocs\0.codeigniter\ci_dashboard\system\Database\MySQLi\Connection.php:306
Stack trace:
#0 E:\xampp\htdocs\0.codeigniter\ci_dashboard\system\Database\MySQLi\Connection.php(306): mysqli->query('SELECT *\nFROM `...', 0)
#1 E:\xampp\htdocs\0.codeigniter\ci_dashboard\system\Database\BaseConnection.php(692): CodeIgniter\Database\MySQLi\Connection->execute('SELECT *\nFROM `...')
#2 E:\xampp\htdocs\0.codeigniter\ci_dashboard\system\Database\BaseConnection.php(606): CodeIgniter\Database\BaseConnection->simpleQuery('SELECT *\nFROM `...')
#3 E:\xampp\htdocs\0.codeigniter\ci_dashboard\system\Database\BaseBuilder.php(1615): CodeIgniter\Database\BaseConnection->query('SELECT *\nFROM `...', Array, false)
#4 E:\xampp\htdocs\0.codeigniter\ci_dashboard\system\Model.php(237): CodeIgniter\Database\BaseBuilder->get()
#5 E:\xampp\htdocs\0.codeigniter\ci_dashboard\system\BaseModel.php(624): CodeIgniter\Model->doFindAll(0, 0)
#6 E:\xampp\htdocs\0.codeigniter\ci_dashboard\app\Controllers\UserController.php(114): CodeIgniter\BaseModel->findAll()
#7 E:\xampp\htdocs\0.codeigniter\ci_dashboard\system\CodeIgniter.php(919): App\Controllers\UserController->authors()
#8 E:\xampp\htdocs\0.codeigniter\ci_dashboard\system\CodeIgniter.php(494): CodeIgniter\CodeIgniter->runController(Object(App\Controllers\UserController))
#9 E:\xampp\htdocs\0.codeigniter\ci_dashboard\system\CodeIgniter.php(353): CodeIgniter\CodeIgniter->handleRequest(NULL, Object(Config\Cache), false)
#10 E:\xampp\htdocs\0.codeigniter\ci_dashboard\public\index.php(79): CodeIgniter\CodeIgniter->run()
#11 E:\xampp\htdocs\0.codeigniter\ci_dashboard\system\Commands\Server\rewrite.php(47): require_once('E:\\xampp\\htdocs...')
#12 {main}
CRITICAL - 2023-10-10 04:20:46 --> Unknown column 'cat_id' in 'order clause'
in SYSTEMPATH\Database\BaseConnection.php on line 646.
 1 SYSTEMPATH\Database\BaseBuilder.php(1615): CodeIgniter\Database\BaseConnection->query('SELECT *
FROM `author`
ORDER BY `cat_id` DESC', [], false)
 2 SYSTEMPATH\Model.php(237): CodeIgniter\Database\BaseBuilder->get()
 3 SYSTEMPATH\BaseModel.php(624): CodeIgniter\Model->doFindAll(0, 0)
 4 APPPATH\Controllers\UserController.php(114): CodeIgniter\BaseModel->findAll()
 5 SYSTEMPATH\CodeIgniter.php(919): App\Controllers\UserController->authors()
 6 SYSTEMPATH\CodeIgniter.php(494): CodeIgniter\CodeIgniter->runController(Object(App\Controllers\UserController))
 7 SYSTEMPATH\CodeIgniter.php(353): CodeIgniter\CodeIgniter->handleRequest(null, Object(Config\Cache), false)
 8 FCPATH\index.php(79): CodeIgniter\CodeIgniter->run()
 9 SYSTEMPATH\Commands\Server\rewrite.php(47): require_once('E:\\xampp\\htdocs\\0.codeigniter\\ci_dashboard\\public\\index.php')
CRITICAL - 2023-10-10 04:23:57 --> Undefined array key "status"
in APPPATH\Views\dashboard\authors.php on line 79.
 1 APPPATH\Views\dashboard\authors.php(79): CodeIgniter\Debug\Exceptions->errorHandler(2, 'Undefined array key "status"', 'E:\\xampp\\htdocs\\0.codeigniter\\ci_dashboard\\app\\Views\\dashboard\\authors.php', 79)
 2 SYSTEMPATH\View\View.php(226): include('E:\\xampp\\htdocs\\0.codeigniter\\ci_dashboard\\app\\Views\\dashboard\\authors.php')
 3 SYSTEMPATH\View\View.php(229): CodeIgniter\View\View->CodeIgniter\View\{closure}()
 4 SYSTEMPATH\Common.php(1188): CodeIgniter\View\View->render('dashboard/authors', [], true)
 5 APPPATH\Controllers\UserController.php(116): view('dashboard/authors', [...])
 6 SYSTEMPATH\CodeIgniter.php(919): App\Controllers\UserController->authors()
 7 SYSTEMPATH\CodeIgniter.php(494): CodeIgniter\CodeIgniter->runController(Object(App\Controllers\UserController))
 8 SYSTEMPATH\CodeIgniter.php(353): CodeIgniter\CodeIgniter->handleRequest(null, Object(Config\Cache), false)
 9 FCPATH\index.php(79): CodeIgniter\CodeIgniter->run()
10 SYSTEMPATH\Commands\Server\rewrite.php(47): require_once('E:\\xampp\\htdocs\\0.codeigniter\\ci_dashboard\\public\\index.php')
INFO - 2023-10-10 04:26:02 --> Session: Class initialized using 'CodeIgniter\Session\Handlers\FileHandler' driver.
INFO - 2023-10-10 04:26:51 --> Session: Class initialized using 'CodeIgniter\Session\Handlers\FileHandler' driver.
CRITICAL - 2023-10-10 04:29:04 --> Undefined array key "updation_date"
in APPPATH\Views\dashboard\authors.php on line 81.
 1 APPPATH\Views\dashboard\authors.php(81): CodeIgniter\Debug\Exceptions->errorHandler(2, 'Undefined array key "updation_date"', 'E:\\xampp\\htdocs\\0.codeigniter\\ci_dashboard\\app\\Views\\dashboard\\authors.php', 81)
 2 SYSTEMPATH\View\View.php(226): include('E:\\xampp\\htdocs\\0.codeigniter\\ci_dashboard\\app\\Views\\dashboard\\authors.php')
 3 SYSTEMPATH\View\View.php(229): CodeIgniter\View\View->CodeIgniter\View\{closure}()
 4 SYSTEMPATH\Common.php(1188): CodeIgniter\View\View->render('dashboard/authors', [], true)
 5 APPPATH\Controllers\UserController.php(116): view('dashboard/authors', [...])
 6 SYSTEMPATH\CodeIgniter.php(919): App\Controllers\UserController->authors()
 7 SYSTEMPATH\CodeIgniter.php(494): CodeIgniter\CodeIgniter->runController(Object(App\Controllers\UserController))
 8 SYSTEMPATH\CodeIgniter.php(353): CodeIgniter\CodeIgniter->handleRequest(null, Object(Config\Cache), false)
 9 FCPATH\index.php(79): CodeIgniter\CodeIgniter->run()
10 SYSTEMPATH\Commands\Server\rewrite.php(47): require_once('E:\\xampp\\htdocs\\0.codeigniter\\ci_dashboard\\public\\index.php')
INFO - 2023-10-10 04:29:43 --> Session: Class initialized using 'CodeIgniter\Session\Handlers\FileHandler' driver.
INFO - 2023-10-10 04:36:46 --> Session: Class initialized using 'CodeIgniter\Session\Handlers\FileHandler' driver.
INFO - 2023-10-10 04:36:48 --> Session: Class initialized using 'CodeIgniter\Session\Handlers\FileHandler' driver.
INFO - 2023-10-10 04:36:50 --> Session: Class initialized using 'CodeIgniter\Session\Handlers\FileHandler' driver.
INFO - 2023-10-10 04:37:01 --> Session: Class initialized using 'CodeIgniter\Session\Handlers\FileHandler' driver.
INFO - 2023-10-10 04:41:41 --> Session: Class initialized using 'CodeIgniter\Session\Handlers\FileHandler' driver.
INFO - 2023-10-10 04:42:13 --> Session: Class initialized using 'CodeIgniter\Session\Handlers\FileHandler' driver.
INFO - 2023-10-10 04:45:08 --> Session: Class initialized using 'CodeIgniter\Session\Handlers\FileHandler' driver.
INFO - 2023-10-10 04:45:12 --> Session: Class initialized using 'CodeIgniter\Session\Handlers\FileHandler' driver.
INFO - 2023-10-10 05:32:43 --> Session: Class initialized using 'CodeIgniter\Session\Handlers\FileHandler' driver.
INFO - 2023-10-10 05:33:34 --> Session: Class initialized using 'CodeIgniter\Session\Handlers\FileHandler' driver.
INFO - 2023-10-10 05:42:52 --> Session: Class initialized using 'CodeIgniter\Session\Handlers\FileHandler' driver.
INFO - 2023-10-10 05:43:59 --> Session: Class initialized using 'CodeIgniter\Session\Handlers\FileHandler' driver.
INFO - 2023-10-10 06:02:26 --> Session: Class initialized using 'CodeIgniter\Session\Handlers\FileHandler' driver.
INFO - 2023-10-10 06:15:28 --> Session: Class initialized using 'CodeIgniter\Session\Handlers\FileHandler' driver.
INFO - 2023-10-10 06:18:10 --> Session: Class initialized using 'CodeIgniter\Session\Handlers\FileHandler' driver.
