CRITICAL - 2023-10-17 16:18:56 --> Class "CI_Model" not found
in APPPATH\Models\Student_search.php on line 2.
 1 SYSTEMPATH\Autoloader\Autoloader.php(306): include_once()
 2 SYSTEMPATH\Autoloader\Autoloader.php(285): CodeIgniter\Autoloader\Autoloader->includeFile('H:\\xamp\\htdocs\\0.codeigniter\\ci_dashboard\\app\\Models\\Student_search.php')
 3 SYSTEMPATH\Autoloader\Autoloader.php(263): CodeIgniter\Autoloader\Autoloader->loadInNamespace('App\\Models\\Student_search')
 4 APPPATH\Controllers\UserController.php(230): CodeIgniter\Autoloader\Autoloader->loadClass('App\\Models\\Student_search')
 5 SYSTEMPATH\CodeIgniter.php(919): App\Controllers\UserController->s_search()
 6 SYSTEMPATH\CodeIgniter.php(494): CodeIgniter\CodeIgniter->runController(Object(App\Controllers\UserController))
 7 SYSTEMPATH\CodeIgniter.php(353): CodeIgniter\CodeIgniter->handleRequest(null, Object(Config\Cache), false)
 8 FCPATH\index.php(79): CodeIgniter\CodeIgniter->run()
 9 SYSTEMPATH\Commands\Server\rewrite.php(47): require_once('H:\\xamp\\htdocs\\0.codeigniter\\ci_dashboard\\public\\index.php')
CRITICAL - 2023-10-17 16:19:54 --> Class "Model" not found
in APPPATH\Models\Student_search.php on line 2.
 1 SYSTEMPATH\Autoloader\Autoloader.php(306): include_once()
 2 SYSTEMPATH\Autoloader\Autoloader.php(285): CodeIgniter\Autoloader\Autoloader->includeFile('H:\\xamp\\htdocs\\0.codeigniter\\ci_dashboard\\app\\Models\\Student_search.php')
 3 SYSTEMPATH\Autoloader\Autoloader.php(263): CodeIgniter\Autoloader\Autoloader->loadInNamespace('App\\Models\\Student_search')
 4 APPPATH\Controllers\UserController.php(230): CodeIgniter\Autoloader\Autoloader->loadClass('App\\Models\\Student_search')
 5 SYSTEMPATH\CodeIgniter.php(919): App\Controllers\UserController->s_search()
 6 SYSTEMPATH\CodeIgniter.php(494): CodeIgniter\CodeIgniter->runController(Object(App\Controllers\UserController))
 7 SYSTEMPATH\CodeIgniter.php(353): CodeIgniter\CodeIgniter->handleRequest(null, Object(Config\Cache), false)
 8 FCPATH\index.php(79): CodeIgniter\CodeIgniter->run()
 9 SYSTEMPATH\Commands\Server\rewrite.php(47): require_once('H:\\xamp\\htdocs\\0.codeigniter\\ci_dashboard\\public\\index.php')
CRITICAL - 2023-10-17 16:20:22 --> Class "App\Models\Student_search" not found
in APPPATH\Controllers\UserController.php on line 230.
 1 SYSTEMPATH\CodeIgniter.php(919): App\Controllers\UserController->s_search()
 2 SYSTEMPATH\CodeIgniter.php(494): CodeIgniter\CodeIgniter->runController(Object(App\Controllers\UserController))
 3 SYSTEMPATH\CodeIgniter.php(353): CodeIgniter\CodeIgniter->handleRequest(null, Object(Config\Cache), false)
 4 FCPATH\index.php(79): CodeIgniter\CodeIgniter->run()
 5 SYSTEMPATH\Commands\Server\rewrite.php(47): require_once('H:\\xamp\\htdocs\\0.codeigniter\\ci_dashboard\\public\\index.php')
CRITICAL - 2023-10-17 16:21:47 --> Class "App\Models\Student_search" not found
in APPPATH\Controllers\UserController.php on line 229.
 1 SYSTEMPATH\CodeIgniter.php(919): App\Controllers\UserController->s_search()
 2 SYSTEMPATH\CodeIgniter.php(494): CodeIgniter\CodeIgniter->runController(Object(App\Controllers\UserController))
 3 SYSTEMPATH\CodeIgniter.php(353): CodeIgniter\CodeIgniter->handleRequest(null, Object(Config\Cache), false)
 4 FCPATH\index.php(79): CodeIgniter\CodeIgniter->run()
 5 SYSTEMPATH\Commands\Server\rewrite.php(47): require_once('H:\\xamp\\htdocs\\0.codeigniter\\ci_dashboard\\public\\index.php')
CRITICAL - 2023-10-17 16:22:53 --> Class "App\Models\Student_search" not found
in APPPATH\Controllers\UserController.php on line 229.
 1 SYSTEMPATH\CodeIgniter.php(919): App\Controllers\UserController->s_search()
 2 SYSTEMPATH\CodeIgniter.php(494): CodeIgniter\CodeIgniter->runController(Object(App\Controllers\UserController))
 3 SYSTEMPATH\CodeIgniter.php(353): CodeIgniter\CodeIgniter->handleRequest(null, Object(Config\Cache), false)
 4 FCPATH\index.php(79): CodeIgniter\CodeIgniter->run()
 5 SYSTEMPATH\Commands\Server\rewrite.php(47): require_once('H:\\xamp\\htdocs\\0.codeigniter\\ci_dashboard\\public\\index.php')
CRITICAL - 2023-10-17 16:23:33 --> Undefined variable $builder
in APPPATH\Models\Student_search.php on line 18.
 1 APPPATH\Models\Student_search.php(18): CodeIgniter\Debug\Exceptions->errorHandler(2, 'Undefined variable $builder', 'H:\\xamp\\htdocs\\0.codeigniter\\ci_dashboard\\app\\Models\\Student_search.php', 18)
 2 APPPATH\Controllers\UserController.php(231): App\Models\Student_search->getdata(null)
 3 SYSTEMPATH\CodeIgniter.php(919): App\Controllers\UserController->s_search()
 4 SYSTEMPATH\CodeIgniter.php(494): CodeIgniter\CodeIgniter->runController(Object(App\Controllers\UserController))
 5 SYSTEMPATH\CodeIgniter.php(353): CodeIgniter\CodeIgniter->handleRequest(null, Object(Config\Cache), false)
 6 FCPATH\index.php(79): CodeIgniter\CodeIgniter->run()
 7 SYSTEMPATH\Commands\Server\rewrite.php(47): require_once('H:\\xamp\\htdocs\\0.codeigniter\\ci_dashboard\\public\\index.php')
CRITICAL - 2023-10-17 16:25:21 --> Call to undefined method CodeIgniter\Database\MySQLi\Result::getResults()
in APPPATH\Models\Student_search.php on line 25.
 1 APPPATH\Controllers\UserController.php(231): App\Models\Student_search->getdata(null)
 2 SYSTEMPATH\CodeIgniter.php(919): App\Controllers\UserController->s_search()
 3 SYSTEMPATH\CodeIgniter.php(494): CodeIgniter\CodeIgniter->runController(Object(App\Controllers\UserController))
 4 SYSTEMPATH\CodeIgniter.php(353): CodeIgniter\CodeIgniter->handleRequest(null, Object(Config\Cache), false)
 5 FCPATH\index.php(79): CodeIgniter\CodeIgniter->run()
 6 SYSTEMPATH\Commands\Server\rewrite.php(47): require_once('H:\\xamp\\htdocs\\0.codeigniter\\ci_dashboard\\public\\index.php')
CRITICAL - 2023-10-17 16:28:30 --> Invalid file: "issue_new_book.php"
in SYSTEMPATH\Exceptions\FrameworkException.php on line 39.
 1 SYSTEMPATH\View\View.php(214): CodeIgniter\Exceptions\FrameworkException::forInvalidFile('issue_new_book.php')
 2 SYSTEMPATH\Common.php(1188): CodeIgniter\View\View->render('issue_new_book', [], true)
 3 APPPATH\Controllers\UserController.php(232): view('issue_new_book', [...])
 4 SYSTEMPATH\CodeIgniter.php(919): App\Controllers\UserController->s_search()
 5 SYSTEMPATH\CodeIgniter.php(494): CodeIgniter\CodeIgniter->runController(Object(App\Controllers\UserController))
 6 SYSTEMPATH\CodeIgniter.php(353): CodeIgniter\CodeIgniter->handleRequest(null, Object(Config\Cache), false)
 7 FCPATH\index.php(79): CodeIgniter\CodeIgniter->run()
 8 SYSTEMPATH\Commands\Server\rewrite.php(47): require_once('H:\\xamp\\htdocs\\0.codeigniter\\ci_dashboard\\public\\index.php')
CRITICAL - 2023-10-17 16:29:21 --> Invalid file: "user/issue_new_book.php"
in SYSTEMPATH\Exceptions\FrameworkException.php on line 39.
 1 SYSTEMPATH\View\View.php(214): CodeIgniter\Exceptions\FrameworkException::forInvalidFile('user/issue_new_book.php')
 2 SYSTEMPATH\Common.php(1188): CodeIgniter\View\View->render('user/issue_new_book', [], true)
 3 APPPATH\Controllers\UserController.php(232): view('user/issue_new_book', [...])
 4 SYSTEMPATH\CodeIgniter.php(919): App\Controllers\UserController->s_search()
 5 SYSTEMPATH\CodeIgniter.php(494): CodeIgniter\CodeIgniter->runController(Object(App\Controllers\UserController))
 6 SYSTEMPATH\CodeIgniter.php(353): CodeIgniter\CodeIgniter->handleRequest(null, Object(Config\Cache), false)
 7 FCPATH\index.php(79): CodeIgniter\CodeIgniter->run()
 8 SYSTEMPATH\Commands\Server\rewrite.php(47): require_once('H:\\xamp\\htdocs\\0.codeigniter\\ci_dashboard\\public\\index.php')
INFO - 2023-10-17 17:15:49 --> Session: Class initialized using 'CodeIgniter\Session\Handlers\FileHandler' driver.
INFO - 2023-10-17 17:16:19 --> Session: Class initialized using 'CodeIgniter\Session\Handlers\FileHandler' driver.
CRITICAL - 2023-10-17 19:27:44 --> Undefined array key "status"
in APPPATH\Views\dashboard\store_issue.php on line 38.
 1 APPPATH\Views\dashboard\store_issue.php(38): CodeIgniter\Debug\Exceptions->errorHandler(2, 'Undefined array key "status"', 'H:\\xamp\\htdocs\\0.codeigniter\\ci_dashboard\\app\\Views\\dashboard\\store_issue.php', 38)
 2 SYSTEMPATH\View\View.php(226): include('H:\\xamp\\htdocs\\0.codeigniter\\ci_dashboard\\app\\Views\\dashboard\\store_issue.php')
 3 SYSTEMPATH\View\View.php(229): CodeIgniter\View\View->CodeIgniter\View\{closure}()
 4 SYSTEMPATH\Common.php(1188): CodeIgniter\View\View->render('dashboard/store_issue', [], true)
 5 APPPATH\Controllers\UserController.php(236): view('dashboard/store_issue', [...])
 6 SYSTEMPATH\CodeIgniter.php(919): App\Controllers\UserController->s_search()
 7 SYSTEMPATH\CodeIgniter.php(494): CodeIgniter\CodeIgniter->runController(Object(App\Controllers\UserController))
 8 SYSTEMPATH\CodeIgniter.php(353): CodeIgniter\CodeIgniter->handleRequest(null, Object(Config\Cache), false)
 9 FCPATH\index.php(79): CodeIgniter\CodeIgniter->run()
10 SYSTEMPATH\Commands\Server\rewrite.php(47): require_once('H:\\xamp\\htdocs\\0.codeigniter\\ci_dashboard\\public\\index.php')
CRITICAL - 2023-10-17 19:52:33 --> Undefined variable $status
in APPPATH\Views\dashboard\store_issue.php on line 60.
 1 APPPATH\Views\dashboard\store_issue.php(60): CodeIgniter\Debug\Exceptions->errorHandler(2, 'Undefined variable $status', 'H:\\xamp\\htdocs\\0.codeigniter\\ci_dashboard\\app\\Views\\dashboard\\store_issue.php', 60)
 2 SYSTEMPATH\View\View.php(226): include('H:\\xamp\\htdocs\\0.codeigniter\\ci_dashboard\\app\\Views\\dashboard\\store_issue.php')
 3 SYSTEMPATH\View\View.php(229): CodeIgniter\View\View->CodeIgniter\View\{closure}()
 4 SYSTEMPATH\Common.php(1188): CodeIgniter\View\View->render('dashboard/store_issue', [...], true)
 5 APPPATH\Controllers\UserController.php(241): view('dashboard/store_issue', [...], [...])
 6 SYSTEMPATH\CodeIgniter.php(919): App\Controllers\UserController->s_search()
 7 SYSTEMPATH\CodeIgniter.php(494): CodeIgniter\CodeIgniter->runController(Object(App\Controllers\UserController))
 8 SYSTEMPATH\CodeIgniter.php(353): CodeIgniter\CodeIgniter->handleRequest(null, Object(Config\Cache), false)
 9 FCPATH\index.php(79): CodeIgniter\CodeIgniter->run()
10 SYSTEMPATH\Commands\Server\rewrite.php(47): require_once('H:\\xamp\\htdocs\\0.codeigniter\\ci_dashboard\\public\\index.php')
CRITICAL - 2023-10-17 19:53:55 --> Undefined variable $status
in APPPATH\Views\dashboard\store_issue.php on line 60.
 1 APPPATH\Views\dashboard\store_issue.php(60): CodeIgniter\Debug\Exceptions->errorHandler(2, 'Undefined variable $status', 'H:\\xamp\\htdocs\\0.codeigniter\\ci_dashboard\\app\\Views\\dashboard\\store_issue.php', 60)
 2 SYSTEMPATH\View\View.php(226): include('H:\\xamp\\htdocs\\0.codeigniter\\ci_dashboard\\app\\Views\\dashboard\\store_issue.php')
 3 SYSTEMPATH\View\View.php(229): CodeIgniter\View\View->CodeIgniter\View\{closure}()
 4 SYSTEMPATH\Common.php(1188): CodeIgniter\View\View->render('dashboard/store_issue', [...], true)
 5 APPPATH\Controllers\UserController.php(241): view('dashboard/store_issue', [...], [...])
 6 SYSTEMPATH\CodeIgniter.php(919): App\Controllers\UserController->s_search()
 7 SYSTEMPATH\CodeIgniter.php(494): CodeIgniter\CodeIgniter->runController(Object(App\Controllers\UserController))
 8 SYSTEMPATH\CodeIgniter.php(353): CodeIgniter\CodeIgniter->handleRequest(null, Object(Config\Cache), false)
 9 FCPATH\index.php(79): CodeIgniter\CodeIgniter->run()
10 SYSTEMPATH\Commands\Server\rewrite.php(47): require_once('H:\\xamp\\htdocs\\0.codeigniter\\ci_dashboard\\public\\index.php')
CRITICAL - 2023-10-17 19:57:53 --> Call to undefined method App\Models\Book_search::getdata
in SYSTEMPATH\Model.php on line 873.
 1 APPPATH\Controllers\UserController.php(239): CodeIgniter\Model->__call('getdata', [...])
 2 SYSTEMPATH\CodeIgniter.php(919): App\Controllers\UserController->s_search()
 3 SYSTEMPATH\CodeIgniter.php(494): CodeIgniter\CodeIgniter->runController(Object(App\Controllers\UserController))
 4 SYSTEMPATH\CodeIgniter.php(353): CodeIgniter\CodeIgniter->handleRequest(null, Object(Config\Cache), false)
 5 FCPATH\index.php(79): CodeIgniter\CodeIgniter->run()
 6 SYSTEMPATH\Commands\Server\rewrite.php(47): require_once('H:\\xamp\\htdocs\\0.codeigniter\\ci_dashboard\\public\\index.php')
CRITICAL - 2023-10-17 20:16:54 --> Undefined variable $checkData
in APPPATH\Views\dashboard\store_issue.php on line 55.
 1 APPPATH\Views\dashboard\store_issue.php(55): CodeIgniter\Debug\Exceptions->errorHandler(2, 'Undefined variable $checkData', 'H:\\xamp\\htdocs\\0.codeigniter\\ci_dashboard\\app\\Views\\dashboard\\store_issue.php', 55)
 2 SYSTEMPATH\View\View.php(226): include('H:\\xamp\\htdocs\\0.codeigniter\\ci_dashboard\\app\\Views\\dashboard\\store_issue.php')
 3 SYSTEMPATH\View\View.php(229): CodeIgniter\View\View->CodeIgniter\View\{closure}()
 4 SYSTEMPATH\Common.php(1188): CodeIgniter\View\View->render('dashboard/store_issue', [], true)
 5 APPPATH\Controllers\UserController.php(242): view('dashboard/store_issue', [...])
 6 SYSTEMPATH\CodeIgniter.php(919): App\Controllers\UserController->s_search()
 7 SYSTEMPATH\CodeIgniter.php(494): CodeIgniter\CodeIgniter->runController(Object(App\Controllers\UserController))
 8 SYSTEMPATH\CodeIgniter.php(353): CodeIgniter\CodeIgniter->handleRequest(null, Object(Config\Cache), false)
 9 FCPATH\index.php(79): CodeIgniter\CodeIgniter->run()
10 SYSTEMPATH\Commands\Server\rewrite.php(47): require_once('H:\\xamp\\htdocs\\0.codeigniter\\ci_dashboard\\public\\index.php')
CRITICAL - 2023-10-17 20:17:15 --> Undefined variable $checkData
in APPPATH\Views\dashboard\store_issue.php on line 55.
 1 APPPATH\Views\dashboard\store_issue.php(55): CodeIgniter\Debug\Exceptions->errorHandler(2, 'Undefined variable $checkData', 'H:\\xamp\\htdocs\\0.codeigniter\\ci_dashboard\\app\\Views\\dashboard\\store_issue.php', 55)
 2 SYSTEMPATH\View\View.php(226): include('H:\\xamp\\htdocs\\0.codeigniter\\ci_dashboard\\app\\Views\\dashboard\\store_issue.php')
 3 SYSTEMPATH\View\View.php(229): CodeIgniter\View\View->CodeIgniter\View\{closure}()
 4 SYSTEMPATH\Common.php(1188): CodeIgniter\View\View->render('dashboard/store_issue', [], true)
 5 APPPATH\Controllers\UserController.php(242): view('dashboard/store_issue', [...])
 6 SYSTEMPATH\CodeIgniter.php(919): App\Controllers\UserController->s_search()
 7 SYSTEMPATH\CodeIgniter.php(494): CodeIgniter\CodeIgniter->runController(Object(App\Controllers\UserController))
 8 SYSTEMPATH\CodeIgniter.php(353): CodeIgniter\CodeIgniter->handleRequest(null, Object(Config\Cache), false)
 9 FCPATH\index.php(79): CodeIgniter\CodeIgniter->run()
10 SYSTEMPATH\Commands\Server\rewrite.php(47): require_once('H:\\xamp\\htdocs\\0.codeigniter\\ci_dashboard\\public\\index.php')
CRITICAL - 2023-10-17 20:19:01 --> Undefined variable $status
in APPPATH\Views\dashboard\store_issue.php on line 60.
 1 APPPATH\Views\dashboard\store_issue.php(60): CodeIgniter\Debug\Exceptions->errorHandler(2, 'Undefined variable $status', 'H:\\xamp\\htdocs\\0.codeigniter\\ci_dashboard\\app\\Views\\dashboard\\store_issue.php', 60)
 2 SYSTEMPATH\View\View.php(226): include('H:\\xamp\\htdocs\\0.codeigniter\\ci_dashboard\\app\\Views\\dashboard\\store_issue.php')
 3 SYSTEMPATH\View\View.php(229): CodeIgniter\View\View->CodeIgniter\View\{closure}()
 4 SYSTEMPATH\Common.php(1188): CodeIgniter\View\View->render('dashboard/store_issue', [], true)
 5 APPPATH\Controllers\UserController.php(242): view('dashboard/store_issue', [...])
 6 SYSTEMPATH\CodeIgniter.php(919): App\Controllers\UserController->s_search()
 7 SYSTEMPATH\CodeIgniter.php(494): CodeIgniter\CodeIgniter->runController(Object(App\Controllers\UserController))
 8 SYSTEMPATH\CodeIgniter.php(353): CodeIgniter\CodeIgniter->handleRequest(null, Object(Config\Cache), false)
 9 FCPATH\index.php(79): CodeIgniter\CodeIgniter->run()
10 SYSTEMPATH\Commands\Server\rewrite.php(47): require_once('H:\\xamp\\htdocs\\0.codeigniter\\ci_dashboard\\public\\index.php')
CRITICAL - 2023-10-17 21:00:29 --> Undefined constant "user"
in APPPATH\Views\dashboard\store_issue.php on line 12.
 1 SYSTEMPATH\View\View.php(226): include()
 2 SYSTEMPATH\View\View.php(229): CodeIgniter\View\View->CodeIgniter\View\{closure}()
 3 SYSTEMPATH\Common.php(1188): CodeIgniter\View\View->render('dashboard/store_issue', [], true)
 4 APPPATH\Controllers\UserController.php(256): view('dashboard/store_issue', [...])
 5 SYSTEMPATH\CodeIgniter.php(919): App\Controllers\UserController->s_search()
 6 SYSTEMPATH\CodeIgniter.php(494): CodeIgniter\CodeIgniter->runController(Object(App\Controllers\UserController))
 7 SYSTEMPATH\CodeIgniter.php(353): CodeIgniter\CodeIgniter->handleRequest(null, Object(Config\Cache), false)
 8 FCPATH\index.php(79): CodeIgniter\CodeIgniter->run()
 9 SYSTEMPATH\Commands\Server\rewrite.php(47): require_once('H:\\xamp\\htdocs\\0.codeigniter\\ci_dashboard\\public\\index.php')
ERROR - 2023-10-17 21:01:11 --> mysqli_sql_exception: Column 'ISBN' cannot be null in H:\xamp\htdocs\0.codeigniter\ci_dashboard\system\Database\MySQLi\Connection.php:306
Stack trace:
#0 H:\xamp\htdocs\0.codeigniter\ci_dashboard\system\Database\MySQLi\Connection.php(306): mysqli->query('INSERT INTO `is...', 0)
#1 H:\xamp\htdocs\0.codeigniter\ci_dashboard\system\Database\BaseConnection.php(692): CodeIgniter\Database\MySQLi\Connection->execute('INSERT INTO `is...')
#2 H:\xamp\htdocs\0.codeigniter\ci_dashboard\system\Database\BaseConnection.php(606): CodeIgniter\Database\BaseConnection->simpleQuery('INSERT INTO `is...')
#3 H:\xamp\htdocs\0.codeigniter\ci_dashboard\system\Database\BaseBuilder.php(2308): CodeIgniter\Database\BaseConnection->query('INSERT INTO `is...', Array, false)
#4 H:\xamp\htdocs\0.codeigniter\ci_dashboard\system\Model.php(319): CodeIgniter\Database\BaseBuilder->insert()
#5 H:\xamp\htdocs\0.codeigniter\ci_dashboard\system\BaseModel.php(788): CodeIgniter\Model->doInsert(Array)
#6 H:\xamp\htdocs\0.codeigniter\ci_dashboard\system\Model.php(715): CodeIgniter\BaseModel->insert(Array, false)
#7 H:\xamp\htdocs\0.codeigniter\ci_dashboard\system\BaseModel.php(698): CodeIgniter\Model->insert(Array, false)
#8 H:\xamp\htdocs\0.codeigniter\ci_dashboard\app\Controllers\UserController.php(233): CodeIgniter\BaseModel->save(Array)
#9 H:\xamp\htdocs\0.codeigniter\ci_dashboard\system\CodeIgniter.php(919): App\Controllers\UserController->issue_insert()
#10 H:\xamp\htdocs\0.codeigniter\ci_dashboard\system\CodeIgniter.php(494): CodeIgniter\CodeIgniter->runController(Object(App\Controllers\UserController))
#11 H:\xamp\htdocs\0.codeigniter\ci_dashboard\system\CodeIgniter.php(353): CodeIgniter\CodeIgniter->handleRequest(NULL, Object(Config\Cache), false)
#12 H:\xamp\htdocs\0.codeigniter\ci_dashboard\public\index.php(79): CodeIgniter\CodeIgniter->run()
#13 H:\xamp\htdocs\0.codeigniter\ci_dashboard\system\Commands\Server\rewrite.php(47): require_once('H:\\xamp\\htdocs\\...')
#14 {main}
CRITICAL - 2023-10-17 21:01:11 --> Column 'ISBN' cannot be null
in SYSTEMPATH\Database\BaseConnection.php on line 646.
 1 SYSTEMPATH\Database\BaseBuilder.php(2308): CodeIgniter\Database\BaseConnection->query('INSERT INTO `issue` (`student_name`, `book_name`, `ISBN`) VALUES (:student_name:, :book_name:, :ISBN:)', [...], false)
 2 SYSTEMPATH\Model.php(319): CodeIgniter\Database\BaseBuilder->insert()
 3 SYSTEMPATH\BaseModel.php(788): CodeIgniter\Model->doInsert([...])
 4 SYSTEMPATH\Model.php(715): CodeIgniter\BaseModel->insert([...], false)
 5 SYSTEMPATH\BaseModel.php(698): CodeIgniter\Model->insert([...], false)
 6 APPPATH\Controllers\UserController.php(233): CodeIgniter\BaseModel->save([...])
 7 SYSTEMPATH\CodeIgniter.php(919): App\Controllers\UserController->issue_insert()
 8 SYSTEMPATH\CodeIgniter.php(494): CodeIgniter\CodeIgniter->runController(Object(App\Controllers\UserController))
 9 SYSTEMPATH\CodeIgniter.php(353): CodeIgniter\CodeIgniter->handleRequest(null, Object(Config\Cache), false)
10 FCPATH\index.php(79): CodeIgniter\CodeIgniter->run()
11 SYSTEMPATH\Commands\Server\rewrite.php(47): require_once('H:\\xamp\\htdocs\\0.codeigniter\\ci_dashboard\\public\\index.php')
INFO - 2023-10-17 21:01:37 --> Session: Class initialized using 'CodeIgniter\Session\Handlers\FileHandler' driver.
