INFO - 2023-10-18 03:51:25 --> Session: Class initialized using 'CodeIgniter\Session\Handlers\FileHandler' driver.
CRITICAL - 2023-10-18 04:08:01 --> Undefined variable $item
in APPPATH\Views\dashboard\store_issue.php on line 42.
 1 APPPATH\Views\dashboard\store_issue.php(42): CodeIgniter\Debug\Exceptions->errorHandler(2, 'Undefined variable $item', 'E:\\xampp\\htdocs\\0.codeigniter\\ci_dashboard\\app\\Views\\dashboard\\store_issue.php', 42)
 2 SYSTEMPATH\View\View.php(226): include('E:\\xampp\\htdocs\\0.codeigniter\\ci_dashboard\\app\\Views\\dashboard\\store_issue.php')
 3 SYSTEMPATH\View\View.php(229): CodeIgniter\View\View->CodeIgniter\View\{closure}()
 4 SYSTEMPATH\Common.php(1188): CodeIgniter\View\View->render('dashboard/store_issue', [], true)
 5 APPPATH\Controllers\UserController.php(256): view('dashboard/store_issue', [...])
 6 SYSTEMPATH\CodeIgniter.php(919): App\Controllers\UserController->s_search()
 7 SYSTEMPATH\CodeIgniter.php(494): CodeIgniter\CodeIgniter->runController(Object(App\Controllers\UserController))
 8 SYSTEMPATH\CodeIgniter.php(353): CodeIgniter\CodeIgniter->handleRequest(null, Object(Config\Cache), false)
 9 FCPATH\index.php(79): CodeIgniter\CodeIgniter->run()
10 SYSTEMPATH\Commands\Server\rewrite.php(47): require_once('E:\\xampp\\htdocs\\0.codeigniter\\ci_dashboard\\public\\index.php')
INFO - 2023-10-18 04:17:14 --> Session: Class initialized using 'CodeIgniter\Session\Handlers\FileHandler' driver.
INFO - 2023-10-18 04:19:23 --> Session: Class initialized using 'CodeIgniter\Session\Handlers\FileHandler' driver.
INFO - 2023-10-18 04:20:15 --> Session: Class initialized using 'CodeIgniter\Session\Handlers\FileHandler' driver.
INFO - 2023-10-18 04:29:02 --> Session: Class initialized using 'CodeIgniter\Session\Handlers\FileHandler' driver.
INFO - 2023-10-18 04:29:56 --> Session: Class initialized using 'CodeIgniter\Session\Handlers\FileHandler' driver.
INFO - 2023-10-18 04:49:26 --> Session: Class initialized using 'CodeIgniter\Session\Handlers\FileHandler' driver.
INFO - 2023-10-18 06:06:09 --> Session: Class initialized using 'CodeIgniter\Session\Handlers\FileHandler' driver.
CRITICAL - 2023-10-18 06:25:32 --> Undefined variable $Store_issue
in APPPATH\Views\dashboard\issueDetails.php on line 15.
 1 APPPATH\Views\dashboard\issueDetails.php(15): CodeIgniter\Debug\Exceptions->errorHandler(2, 'Undefined variable $Store_issue', 'E:\\xampp\\htdocs\\0.codeigniter\\ci_dashboard\\app\\Views\\dashboard\\issueDetails.php', 15)
 2 SYSTEMPATH\View\View.php(226): include('E:\\xampp\\htdocs\\0.codeigniter\\ci_dashboard\\app\\Views\\dashboard\\issueDetails.php')
 3 SYSTEMPATH\View\View.php(229): CodeIgniter\View\View->CodeIgniter\View\{closure}()
 4 SYSTEMPATH\Common.php(1188): CodeIgniter\View\View->render('dashboard/issueDetails', [], true)
 5 APPPATH\Controllers\UserController.php(243): view('dashboard/issueDetails', [...])
 6 SYSTEMPATH\CodeIgniter.php(919): App\Controllers\UserController->issueDetails()
 7 SYSTEMPATH\CodeIgniter.php(494): CodeIgniter\CodeIgniter->runController(Object(App\Controllers\UserController))
 8 SYSTEMPATH\CodeIgniter.php(353): CodeIgniter\CodeIgniter->handleRequest(null, Object(Config\Cache), false)
 9 FCPATH\index.php(79): CodeIgniter\CodeIgniter->run()
10 SYSTEMPATH\Commands\Server\rewrite.php(47): require_once('E:\\xampp\\htdocs\\0.codeigniter\\ci_dashboard\\public\\index.php')
CRITICAL - 2023-10-18 06:28:30 --> Undefined variable $store_issue
in APPPATH\Views\dashboard\issueDetails.php on line 15.
 1 APPPATH\Views\dashboard\issueDetails.php(15): CodeIgniter\Debug\Exceptions->errorHandler(2, 'Undefined variable $store_issue', 'E:\\xampp\\htdocs\\0.codeigniter\\ci_dashboard\\app\\Views\\dashboard\\issueDetails.php', 15)
 2 SYSTEMPATH\View\View.php(226): include('E:\\xampp\\htdocs\\0.codeigniter\\ci_dashboard\\app\\Views\\dashboard\\issueDetails.php')
 3 SYSTEMPATH\View\View.php(229): CodeIgniter\View\View->CodeIgniter\View\{closure}()
 4 SYSTEMPATH\Common.php(1188): CodeIgniter\View\View->render('dashboard/issueDetails', [], true)
 5 APPPATH\Controllers\UserController.php(243): view('dashboard/issueDetails', [...])
 6 SYSTEMPATH\CodeIgniter.php(919): App\Controllers\UserController->issueDetails()
 7 SYSTEMPATH\CodeIgniter.php(494): CodeIgniter\CodeIgniter->runController(Object(App\Controllers\UserController))
 8 SYSTEMPATH\CodeIgniter.php(353): CodeIgniter\CodeIgniter->handleRequest(null, Object(Config\Cache), false)
 9 FCPATH\index.php(79): CodeIgniter\CodeIgniter->run()
10 SYSTEMPATH\Commands\Server\rewrite.php(47): require_once('E:\\xampp\\htdocs\\0.codeigniter\\ci_dashboard\\public\\index.php')
CRITICAL - 2023-10-18 06:40:14 --> Undefined variable $store_issue
in APPPATH\Views\dashboard\issueDetails.php on line 15.
 1 APPPATH\Views\dashboard\issueDetails.php(15): CodeIgniter\Debug\Exceptions->errorHandler(2, 'Undefined variable $store_issue', 'E:\\xampp\\htdocs\\0.codeigniter\\ci_dashboard\\app\\Views\\dashboard\\issueDetails.php', 15)
 2 SYSTEMPATH\View\View.php(226): include('E:\\xampp\\htdocs\\0.codeigniter\\ci_dashboard\\app\\Views\\dashboard\\issueDetails.php')
 3 SYSTEMPATH\View\View.php(229): CodeIgniter\View\View->CodeIgniter\View\{closure}()
 4 SYSTEMPATH\Common.php(1188): CodeIgniter\View\View->render('dashboard/issueDetails', [], true)
 5 APPPATH\Controllers\UserController.php(243): view('dashboard/issueDetails', [...])
 6 SYSTEMPATH\CodeIgniter.php(919): App\Controllers\UserController->issueDetails()
 7 SYSTEMPATH\CodeIgniter.php(494): CodeIgniter\CodeIgniter->runController(Object(App\Controllers\UserController))
 8 SYSTEMPATH\CodeIgniter.php(353): CodeIgniter\CodeIgniter->handleRequest(null, Object(Config\Cache), false)
 9 FCPATH\index.php(79): CodeIgniter\CodeIgniter->run()
10 SYSTEMPATH\Commands\Server\rewrite.php(47): require_once('E:\\xampp\\htdocs\\0.codeigniter\\ci_dashboard\\public\\index.php')
CRITICAL - 2023-10-18 06:41:50 --> Undefined variable $store
in APPPATH\Views\dashboard\issueDetails.php on line 15.
 1 APPPATH\Views\dashboard\issueDetails.php(15): CodeIgniter\Debug\Exceptions->errorHandler(2, 'Undefined variable $store', 'E:\\xampp\\htdocs\\0.codeigniter\\ci_dashboard\\app\\Views\\dashboard\\issueDetails.php', 15)
 2 SYSTEMPATH\View\View.php(226): include('E:\\xampp\\htdocs\\0.codeigniter\\ci_dashboard\\app\\Views\\dashboard\\issueDetails.php')
 3 SYSTEMPATH\View\View.php(229): CodeIgniter\View\View->CodeIgniter\View\{closure}()
 4 SYSTEMPATH\Common.php(1188): CodeIgniter\View\View->render('dashboard/issueDetails', [], true)
 5 APPPATH\Controllers\UserController.php(243): view('dashboard/issueDetails', [...])
 6 SYSTEMPATH\CodeIgniter.php(919): App\Controllers\UserController->issueDetails()
 7 SYSTEMPATH\CodeIgniter.php(494): CodeIgniter\CodeIgniter->runController(Object(App\Controllers\UserController))
 8 SYSTEMPATH\CodeIgniter.php(353): CodeIgniter\CodeIgniter->handleRequest(null, Object(Config\Cache), false)
 9 FCPATH\index.php(79): CodeIgniter\CodeIgniter->run()
10 SYSTEMPATH\Commands\Server\rewrite.php(47): require_once('E:\\xampp\\htdocs\\0.codeigniter\\ci_dashboard\\public\\index.php')
INFO - 2023-10-18 06:49:11 --> Session: Class initialized using 'CodeIgniter\Session\Handlers\FileHandler' driver.
CRITICAL - 2023-10-18 07:03:50 --> Cannot redeclare App\Controllers\UserController::edit_category()
in APPPATH\Controllers\UserController.php on line 262.
 1 [internal function]: CodeIgniter\Debug\Exceptions->shutdownHandler()
INFO - 2023-10-18 07:21:23 --> Session: Class initialized using 'CodeIgniter\Session\Handlers\FileHandler' driver.
INFO - 2023-10-18 15:02:56 --> Session: Class initialized using 'CodeIgniter\Session\Handlers\FileHandler' driver.
INFO - 2023-10-18 16:02:22 --> Session: Class initialized using 'CodeIgniter\Session\Handlers\FileHandler' driver.
INFO - 2023-10-18 16:02:30 --> Session: Class initialized using 'CodeIgniter\Session\Handlers\FileHandler' driver.
CRITICAL - 2023-10-18 16:19:20 --> Undefined variable $category
in APPPATH\Views\dashboard\edit_issue.php on line 10.
 1 APPPATH\Views\dashboard\edit_issue.php(10): CodeIgniter\Debug\Exceptions->errorHandler(2, 'Undefined variable $category', 'H:\\xamp\\htdocs\\0.codeigniter\\ci_dashboard\\app\\Views\\dashboard\\edit_issue.php', 10)
 2 SYSTEMPATH\View\View.php(226): include('H:\\xamp\\htdocs\\0.codeigniter\\ci_dashboard\\app\\Views\\dashboard\\edit_issue.php')
 3 SYSTEMPATH\View\View.php(229): CodeIgniter\View\View->CodeIgniter\View\{closure}()
 4 SYSTEMPATH\Common.php(1188): CodeIgniter\View\View->render('dashboard/edit_issue', [], true)
 5 APPPATH\Controllers\UserController.php(266): view('dashboard/edit_issue', [...])
 6 SYSTEMPATH\CodeIgniter.php(919): App\Controllers\UserController->edit_issue('8')
 7 SYSTEMPATH\CodeIgniter.php(494): CodeIgniter\CodeIgniter->runController(Object(App\Controllers\UserController))
 8 SYSTEMPATH\CodeIgniter.php(353): CodeIgniter\CodeIgniter->handleRequest(null, Object(Config\Cache), false)
 9 FCPATH\index.php(79): CodeIgniter\CodeIgniter->run()
10 SYSTEMPATH\Commands\Server\rewrite.php(47): require_once('H:\\xamp\\htdocs\\0.codeigniter\\ci_dashboard\\public\\index.php')
CRITICAL - 2023-10-18 16:20:21 --> Undefined variable $store
in APPPATH\Views\dashboard\edit_issue.php on line 10.
 1 APPPATH\Views\dashboard\edit_issue.php(10): CodeIgniter\Debug\Exceptions->errorHandler(2, 'Undefined variable $store', 'H:\\xamp\\htdocs\\0.codeigniter\\ci_dashboard\\app\\Views\\dashboard\\edit_issue.php', 10)
 2 SYSTEMPATH\View\View.php(226): include('H:\\xamp\\htdocs\\0.codeigniter\\ci_dashboard\\app\\Views\\dashboard\\edit_issue.php')
 3 SYSTEMPATH\View\View.php(229): CodeIgniter\View\View->CodeIgniter\View\{closure}()
 4 SYSTEMPATH\Common.php(1188): CodeIgniter\View\View->render('dashboard/edit_issue', [], true)
 5 APPPATH\Controllers\UserController.php(266): view('dashboard/edit_issue', [...])
 6 SYSTEMPATH\CodeIgniter.php(919): App\Controllers\UserController->edit_issue('8')
 7 SYSTEMPATH\CodeIgniter.php(494): CodeIgniter\CodeIgniter->runController(Object(App\Controllers\UserController))
 8 SYSTEMPATH\CodeIgniter.php(353): CodeIgniter\CodeIgniter->handleRequest(null, Object(Config\Cache), false)
 9 FCPATH\index.php(79): CodeIgniter\CodeIgniter->run()
10 SYSTEMPATH\Commands\Server\rewrite.php(47): require_once('H:\\xamp\\htdocs\\0.codeigniter\\ci_dashboard\\public\\index.php')
CRITICAL - 2023-10-18 16:21:32 --> Undefined variable $store
in APPPATH\Views\dashboard\edit_issue.php on line 16.
 1 APPPATH\Views\dashboard\edit_issue.php(16): CodeIgniter\Debug\Exceptions->errorHandler(2, 'Undefined variable $store', 'H:\\xamp\\htdocs\\0.codeigniter\\ci_dashboard\\app\\Views\\dashboard\\edit_issue.php', 16)
 2 SYSTEMPATH\View\View.php(226): include('H:\\xamp\\htdocs\\0.codeigniter\\ci_dashboard\\app\\Views\\dashboard\\edit_issue.php')
 3 SYSTEMPATH\View\View.php(229): CodeIgniter\View\View->CodeIgniter\View\{closure}()
 4 SYSTEMPATH\Common.php(1188): CodeIgniter\View\View->render('dashboard/edit_issue', [], true)
 5 APPPATH\Controllers\UserController.php(266): view('dashboard/edit_issue', [...])
 6 SYSTEMPATH\CodeIgniter.php(919): App\Controllers\UserController->edit_issue('8')
 7 SYSTEMPATH\CodeIgniter.php(494): CodeIgniter\CodeIgniter->runController(Object(App\Controllers\UserController))
 8 SYSTEMPATH\CodeIgniter.php(353): CodeIgniter\CodeIgniter->handleRequest(null, Object(Config\Cache), false)
 9 FCPATH\index.php(79): CodeIgniter\CodeIgniter->run()
10 SYSTEMPATH\Commands\Server\rewrite.php(47): require_once('H:\\xamp\\htdocs\\0.codeigniter\\ci_dashboard\\public\\index.php')
CRITICAL - 2023-10-18 16:22:29 --> Undefined variable $store
in APPPATH\Views\dashboard\edit_issue.php on line 16.
 1 APPPATH\Views\dashboard\edit_issue.php(16): CodeIgniter\Debug\Exceptions->errorHandler(2, 'Undefined variable $store', 'H:\\xamp\\htdocs\\0.codeigniter\\ci_dashboard\\app\\Views\\dashboard\\edit_issue.php', 16)
 2 SYSTEMPATH\View\View.php(226): include('H:\\xamp\\htdocs\\0.codeigniter\\ci_dashboard\\app\\Views\\dashboard\\edit_issue.php')
 3 SYSTEMPATH\View\View.php(229): CodeIgniter\View\View->CodeIgniter\View\{closure}()
 4 SYSTEMPATH\Common.php(1188): CodeIgniter\View\View->render('dashboard/edit_issue', [], true)
 5 APPPATH\Controllers\UserController.php(266): view('dashboard/edit_issue', [...])
 6 SYSTEMPATH\CodeIgniter.php(919): App\Controllers\UserController->edit_issue('8')
 7 SYSTEMPATH\CodeIgniter.php(494): CodeIgniter\CodeIgniter->runController(Object(App\Controllers\UserController))
 8 SYSTEMPATH\CodeIgniter.php(353): CodeIgniter\CodeIgniter->handleRequest(null, Object(Config\Cache), false)
 9 FCPATH\index.php(79): CodeIgniter\CodeIgniter->run()
10 SYSTEMPATH\Commands\Server\rewrite.php(47): require_once('H:\\xamp\\htdocs\\0.codeigniter\\ci_dashboard\\public\\index.php')
INFO - 2023-10-18 16:36:50 --> Session: Class initialized using 'CodeIgniter\Session\Handlers\FileHandler' driver.
INFO - 2023-10-18 16:37:29 --> Session: Class initialized using 'CodeIgniter\Session\Handlers\FileHandler' driver.
INFO - 2023-10-18 16:40:37 --> Session: Class initialized using 'CodeIgniter\Session\Handlers\FileHandler' driver.
INFO - 2023-10-18 16:43:58 --> Session: Class initialized using 'CodeIgniter\Session\Handlers\FileHandler' driver.
INFO - 2023-10-18 16:53:09 --> Session: Class initialized using 'CodeIgniter\Session\Handlers\FileHandler' driver.
INFO - 2023-10-18 17:02:50 --> Session: Class initialized using 'CodeIgniter\Session\Handlers\FileHandler' driver.
INFO - 2023-10-18 17:04:22 --> Session: Class initialized using 'CodeIgniter\Session\Handlers\FileHandler' driver.
INFO - 2023-10-18 17:05:04 --> Session: Class initialized using 'CodeIgniter\Session\Handlers\FileHandler' driver.
CRITICAL - 2023-10-18 17:17:42 --> Undefined variable $id
in APPPATH\Controllers\UserController.php on line 195.
 1 APPPATH\Controllers\UserController.php(195): CodeIgniter\Debug\Exceptions->errorHandler(2, 'Undefined variable $id', 'H:\\xamp\\htdocs\\0.codeigniter\\ci_dashboard\\app\\Controllers\\UserController.php', 195)
 2 SYSTEMPATH\CodeIgniter.php(919): App\Controllers\UserController->activate_post()
 3 SYSTEMPATH\CodeIgniter.php(494): CodeIgniter\CodeIgniter->runController(Object(App\Controllers\UserController))
 4 SYSTEMPATH\CodeIgniter.php(353): CodeIgniter\CodeIgniter->handleRequest(null, Object(Config\Cache), false)
 5 FCPATH\index.php(79): CodeIgniter\CodeIgniter->run()
 6 SYSTEMPATH\Commands\Server\rewrite.php(47): require_once('H:\\xamp\\htdocs\\0.codeigniter\\ci_dashboard\\public\\index.php')
CRITICAL - 2023-10-18 17:18:37 --> Too few arguments to function App\Controllers\UserController::activate_post(), 0 passed in H:\xamp\htdocs\0.codeigniter\ci_dashboard\system\CodeIgniter.php on line 919 and exactly 1 expected
in APPPATH\Controllers\UserController.php on line 189.
 1 SYSTEMPATH\CodeIgniter.php(919): App\Controllers\UserController->activate_post()
 2 SYSTEMPATH\CodeIgniter.php(494): CodeIgniter\CodeIgniter->runController(Object(App\Controllers\UserController))
 3 SYSTEMPATH\CodeIgniter.php(353): CodeIgniter\CodeIgniter->handleRequest(null, Object(Config\Cache), false)
 4 FCPATH\index.php(79): CodeIgniter\CodeIgniter->run()
 5 SYSTEMPATH\Commands\Server\rewrite.php(47): require_once('H:\\xamp\\htdocs\\0.codeigniter\\ci_dashboard\\public\\index.php')
INFO - 2023-10-18 17:22:01 --> Session: Class initialized using 'CodeIgniter\Session\Handlers\FileHandler' driver.
INFO - 2023-10-18 17:26:01 --> Session: Class initialized using 'CodeIgniter\Session\Handlers\FileHandler' driver.
INFO - 2023-10-18 17:26:03 --> Session: Class initialized using 'CodeIgniter\Session\Handlers\FileHandler' driver.
INFO - 2023-10-18 17:26:43 --> Session: Class initialized using 'CodeIgniter\Session\Handlers\FileHandler' driver.
INFO - 2023-10-18 17:26:44 --> Session: Class initialized using 'CodeIgniter\Session\Handlers\FileHandler' driver.
INFO - 2023-10-18 17:26:45 --> Session: Class initialized using 'CodeIgniter\Session\Handlers\FileHandler' driver.
INFO - 2023-10-18 17:26:46 --> Session: Class initialized using 'CodeIgniter\Session\Handlers\FileHandler' driver.
INFO - 2023-10-18 17:26:48 --> Session: Class initialized using 'CodeIgniter\Session\Handlers\FileHandler' driver.
INFO - 2023-10-18 17:29:46 --> Session: Class initialized using 'CodeIgniter\Session\Handlers\FileHandler' driver.
INFO - 2023-10-18 17:29:50 --> Session: Class initialized using 'CodeIgniter\Session\Handlers\FileHandler' driver.
INFO - 2023-10-18 17:29:51 --> Session: Class initialized using 'CodeIgniter\Session\Handlers\FileHandler' driver.
INFO - 2023-10-18 17:29:52 --> Session: Class initialized using 'CodeIgniter\Session\Handlers\FileHandler' driver.
INFO - 2023-10-18 17:29:52 --> Session: Class initialized using 'CodeIgniter\Session\Handlers\FileHandler' driver.
INFO - 2023-10-18 17:29:52 --> Session: Class initialized using 'CodeIgniter\Session\Handlers\FileHandler' driver.
INFO - 2023-10-18 17:29:57 --> Session: Class initialized using 'CodeIgniter\Session\Handlers\FileHandler' driver.
INFO - 2023-10-18 17:30:01 --> Session: Class initialized using 'CodeIgniter\Session\Handlers\FileHandler' driver.
INFO - 2023-10-18 17:31:35 --> Session: Class initialized using 'CodeIgniter\Session\Handlers\FileHandler' driver.
INFO - 2023-10-18 17:31:40 --> Session: Class initialized using 'CodeIgniter\Session\Handlers\FileHandler' driver.
INFO - 2023-10-18 17:31:43 --> Session: Class initialized using 'CodeIgniter\Session\Handlers\FileHandler' driver.
INFO - 2023-10-18 17:31:45 --> Session: Class initialized using 'CodeIgniter\Session\Handlers\FileHandler' driver.
INFO - 2023-10-18 17:32:03 --> Session: Class initialized using 'CodeIgniter\Session\Handlers\FileHandler' driver.
INFO - 2023-10-18 17:32:33 --> Session: Class initialized using 'CodeIgniter\Session\Handlers\FileHandler' driver.
INFO - 2023-10-18 17:33:19 --> Session: Class initialized using 'CodeIgniter\Session\Handlers\FileHandler' driver.
INFO - 2023-10-18 17:33:21 --> Session: Class initialized using 'CodeIgniter\Session\Handlers\FileHandler' driver.
INFO - 2023-10-18 18:04:27 --> Session: Class initialized using 'CodeIgniter\Session\Handlers\FileHandler' driver.
INFO - 2023-10-18 18:09:37 --> Session: Class initialized using 'CodeIgniter\Session\Handlers\FileHandler' driver.
INFO - 2023-10-18 18:09:46 --> Session: Class initialized using 'CodeIgniter\Session\Handlers\FileHandler' driver.
INFO - 2023-10-18 18:09:56 --> Session: Class initialized using 'CodeIgniter\Session\Handlers\FileHandler' driver.
INFO - 2023-10-18 18:14:41 --> Session: Class initialized using 'CodeIgniter\Session\Handlers\FileHandler' driver.
INFO - 2023-10-18 18:15:16 --> Session: Class initialized using 'CodeIgniter\Session\Handlers\FileHandler' driver.
CRITICAL - 2023-10-18 18:40:18 --> Invalid file: "studentDetails.php"
in SYSTEMPATH\Exceptions\FrameworkException.php on line 39.
 1 SYSTEMPATH\View\View.php(214): CodeIgniter\Exceptions\FrameworkException::forInvalidFile('studentDetails.php')
 2 SYSTEMPATH\Common.php(1188): CodeIgniter\View\View->render('studentDetails', [], true)
 3 APPPATH\Controllers\UserController.php(215): view('studentDetails', [...])
 4 SYSTEMPATH\CodeIgniter.php(919): App\Controllers\UserController->student_details('16')
 5 SYSTEMPATH\CodeIgniter.php(494): CodeIgniter\CodeIgniter->runController(Object(App\Controllers\UserController))
 6 SYSTEMPATH\CodeIgniter.php(353): CodeIgniter\CodeIgniter->handleRequest(null, Object(Config\Cache), false)
 7 FCPATH\index.php(79): CodeIgniter\CodeIgniter->run()
 8 SYSTEMPATH\Commands\Server\rewrite.php(47): require_once('H:\\xamp\\htdocs\\0.codeigniter\\ci_dashboard\\public\\index.php')
CRITICAL - 2023-10-18 18:44:08 --> Invalid file: "studentDetails.php"
in SYSTEMPATH\Exceptions\FrameworkException.php on line 39.
 1 SYSTEMPATH\View\View.php(214): CodeIgniter\Exceptions\FrameworkException::forInvalidFile('studentDetails.php')
 2 SYSTEMPATH\Common.php(1188): CodeIgniter\View\View->render('studentDetails', [], true)
 3 APPPATH\Controllers\UserController.php(215): view('studentDetails', [...])
 4 SYSTEMPATH\CodeIgniter.php(919): App\Controllers\UserController->student_details('16')
 5 SYSTEMPATH\CodeIgniter.php(494): CodeIgniter\CodeIgniter->runController(Object(App\Controllers\UserController))
 6 SYSTEMPATH\CodeIgniter.php(353): CodeIgniter\CodeIgniter->handleRequest(null, Object(Config\Cache), false)
 7 FCPATH\index.php(79): CodeIgniter\CodeIgniter->run()
 8 SYSTEMPATH\Commands\Server\rewrite.php(47): require_once('H:\\xamp\\htdocs\\0.codeigniter\\ci_dashboard\\public\\index.php')
CRITICAL - 2023-10-18 18:50:46 --> Cannot use object of type stdClass as array
in APPPATH\Views\dashboard\studentDetails.php on line 22.
 1 SYSTEMPATH\View\View.php(226): include()
 2 SYSTEMPATH\View\View.php(229): CodeIgniter\View\View->CodeIgniter\View\{closure}()
 3 SYSTEMPATH\Common.php(1188): CodeIgniter\View\View->render('dashboard/studentDetails', [], true)
 4 APPPATH\Controllers\UserController.php(215): view('dashboard/studentDetails', [...])
 5 SYSTEMPATH\CodeIgniter.php(919): App\Controllers\UserController->student_details('15')
 6 SYSTEMPATH\CodeIgniter.php(494): CodeIgniter\CodeIgniter->runController(Object(App\Controllers\UserController))
 7 SYSTEMPATH\CodeIgniter.php(353): CodeIgniter\CodeIgniter->handleRequest(null, Object(Config\Cache), false)
 8 FCPATH\index.php(79): CodeIgniter\CodeIgniter->run()
 9 SYSTEMPATH\Commands\Server\rewrite.php(47): require_once('H:\\xamp\\htdocs\\0.codeigniter\\ci_dashboard\\public\\index.php')
INFO - 2023-10-18 18:55:42 --> Session: Class initialized using 'CodeIgniter\Session\Handlers\FileHandler' driver.
INFO - 2023-10-18 18:56:03 --> Session: Class initialized using 'CodeIgniter\Session\Handlers\FileHandler' driver.
INFO - 2023-10-18 18:58:19 --> Session: Class initialized using 'CodeIgniter\Session\Handlers\FileHandler' driver.
INFO - 2023-10-18 18:58:29 --> Session: Class initialized using 'CodeIgniter\Session\Handlers\FileHandler' driver.
INFO - 2023-10-18 19:00:24 --> Session: Class initialized using 'CodeIgniter\Session\Handlers\FileHandler' driver.
INFO - 2023-10-18 19:01:36 --> Session: Class initialized using 'CodeIgniter\Session\Handlers\FileHandler' driver.
INFO - 2023-10-18 19:01:39 --> Session: Class initialized using 'CodeIgniter\Session\Handlers\FileHandler' driver.
INFO - 2023-10-18 19:01:43 --> Session: Class initialized using 'CodeIgniter\Session\Handlers\FileHandler' driver.
INFO - 2023-10-18 19:01:48 --> Session: Class initialized using 'CodeIgniter\Session\Handlers\FileHandler' driver.
INFO - 2023-10-18 19:01:50 --> Session: Class initialized using 'CodeIgniter\Session\Handlers\FileHandler' driver.
INFO - 2023-10-18 19:11:14 --> Session: Class initialized using 'CodeIgniter\Session\Handlers\FileHandler' driver.
INFO - 2023-10-18 19:11:15 --> Session: Class initialized using 'CodeIgniter\Session\Handlers\FileHandler' driver.
INFO - 2023-10-18 19:12:47 --> Session: Class initialized using 'CodeIgniter\Session\Handlers\FileHandler' driver.
INFO - 2023-10-18 19:12:51 --> Session: Class initialized using 'CodeIgniter\Session\Handlers\FileHandler' driver.
INFO - 2023-10-18 19:13:05 --> Session: Class initialized using 'CodeIgniter\Session\Handlers\FileHandler' driver.
INFO - 2023-10-18 19:13:08 --> Session: Class initialized using 'CodeIgniter\Session\Handlers\FileHandler' driver.
INFO - 2023-10-18 19:13:32 --> Session: Class initialized using 'CodeIgniter\Session\Handlers\FileHandler' driver.
INFO - 2023-10-18 19:14:23 --> Session: Class initialized using 'CodeIgniter\Session\Handlers\FileHandler' driver.
INFO - 2023-10-18 19:14:55 --> Session: Class initialized using 'CodeIgniter\Session\Handlers\FileHandler' driver.
CRITICAL - 2023-10-18 19:47:55 --> Undefined variable $store
in APPPATH\Views\dashboard\store_issue.php on line 108.
 1 APPPATH\Views\dashboard\store_issue.php(108): CodeIgniter\Debug\Exceptions->errorHandler(2, 'Undefined variable $store', 'H:\\xamp\\htdocs\\0.codeigniter\\ci_dashboard\\app\\Views\\dashboard\\store_issue.php', 108)
 2 SYSTEMPATH\View\View.php(226): include('H:\\xamp\\htdocs\\0.codeigniter\\ci_dashboard\\app\\Views\\dashboard\\store_issue.php')
 3 SYSTEMPATH\View\View.php(229): CodeIgniter\View\View->CodeIgniter\View\{closure}()
 4 SYSTEMPATH\Common.php(1188): CodeIgniter\View\View->render('dashboard/store_issue', [], true)
 5 APPPATH\Controllers\UserController.php(259): view('dashboard/store_issue', [...])
 6 SYSTEMPATH\CodeIgniter.php(919): App\Controllers\UserController->s_search()
 7 SYSTEMPATH\CodeIgniter.php(494): CodeIgniter\CodeIgniter->runController(Object(App\Controllers\UserController))
 8 SYSTEMPATH\CodeIgniter.php(353): CodeIgniter\CodeIgniter->handleRequest(null, Object(Config\Cache), false)
 9 FCPATH\index.php(79): CodeIgniter\CodeIgniter->run()
10 SYSTEMPATH\Commands\Server\rewrite.php(47): require_once('H:\\xamp\\htdocs\\0.codeigniter\\ci_dashboard\\public\\index.php')
CRITICAL - 2023-10-18 19:53:52 --> Undefined variable $store
in APPPATH\Controllers\UserController.php on line 247.
 1 APPPATH\Controllers\UserController.php(247): CodeIgniter\Debug\Exceptions->errorHandler(2, 'Undefined variable $store', 'H:\\xamp\\htdocs\\0.codeigniter\\ci_dashboard\\app\\Controllers\\UserController.php', 247)
 2 SYSTEMPATH\CodeIgniter.php(919): App\Controllers\UserController->issue_new_book()
 3 SYSTEMPATH\CodeIgniter.php(494): CodeIgniter\CodeIgniter->runController(Object(App\Controllers\UserController))
 4 SYSTEMPATH\CodeIgniter.php(353): CodeIgniter\CodeIgniter->handleRequest(null, Object(Config\Cache), false)
 5 FCPATH\index.php(79): CodeIgniter\CodeIgniter->run()
 6 SYSTEMPATH\Commands\Server\rewrite.php(47): require_once('H:\\xamp\\htdocs\\0.codeigniter\\ci_dashboard\\public\\index.php')
CRITICAL - 2023-10-18 19:54:10 --> Undefined variable $store
in APPPATH\Controllers\UserController.php on line 247.
 1 APPPATH\Controllers\UserController.php(247): CodeIgniter\Debug\Exceptions->errorHandler(2, 'Undefined variable $store', 'H:\\xamp\\htdocs\\0.codeigniter\\ci_dashboard\\app\\Controllers\\UserController.php', 247)
 2 SYSTEMPATH\CodeIgniter.php(919): App\Controllers\UserController->issue_new_book()
 3 SYSTEMPATH\CodeIgniter.php(494): CodeIgniter\CodeIgniter->runController(Object(App\Controllers\UserController))
 4 SYSTEMPATH\CodeIgniter.php(353): CodeIgniter\CodeIgniter->handleRequest(null, Object(Config\Cache), false)
 5 FCPATH\index.php(79): CodeIgniter\CodeIgniter->run()
 6 SYSTEMPATH\Commands\Server\rewrite.php(47): require_once('H:\\xamp\\htdocs\\0.codeigniter\\ci_dashboard\\public\\index.php')
CRITICAL - 2023-10-18 19:54:27 --> Undefined variable $store
in APPPATH\Controllers\UserController.php on line 247.
 1 APPPATH\Controllers\UserController.php(247): CodeIgniter\Debug\Exceptions->errorHandler(2, 'Undefined variable $store', 'H:\\xamp\\htdocs\\0.codeigniter\\ci_dashboard\\app\\Controllers\\UserController.php', 247)
 2 SYSTEMPATH\CodeIgniter.php(919): App\Controllers\UserController->issue_new_book()
 3 SYSTEMPATH\CodeIgniter.php(494): CodeIgniter\CodeIgniter->runController(Object(App\Controllers\UserController))
 4 SYSTEMPATH\CodeIgniter.php(353): CodeIgniter\CodeIgniter->handleRequest(null, Object(Config\Cache), false)
 5 FCPATH\index.php(79): CodeIgniter\CodeIgniter->run()
 6 SYSTEMPATH\Commands\Server\rewrite.php(47): require_once('H:\\xamp\\htdocs\\0.codeigniter\\ci_dashboard\\public\\index.php')
CRITICAL - 2023-10-18 19:55:05 --> Undefined variable $store
in APPPATH\Views\dashboard\store_issue.php on line 108.
 1 APPPATH\Views\dashboard\store_issue.php(108): CodeIgniter\Debug\Exceptions->errorHandler(2, 'Undefined variable $store', 'H:\\xamp\\htdocs\\0.codeigniter\\ci_dashboard\\app\\Views\\dashboard\\store_issue.php', 108)
 2 SYSTEMPATH\View\View.php(226): include('H:\\xamp\\htdocs\\0.codeigniter\\ci_dashboard\\app\\Views\\dashboard\\store_issue.php')
 3 SYSTEMPATH\View\View.php(229): CodeIgniter\View\View->CodeIgniter\View\{closure}()
 4 SYSTEMPATH\Common.php(1188): CodeIgniter\View\View->render('dashboard/store_issue', [], true)
 5 APPPATH\Controllers\UserController.php(261): view('dashboard/store_issue', [...])
 6 SYSTEMPATH\CodeIgniter.php(919): App\Controllers\UserController->s_search()
 7 SYSTEMPATH\CodeIgniter.php(494): CodeIgniter\CodeIgniter->runController(Object(App\Controllers\UserController))
 8 SYSTEMPATH\CodeIgniter.php(353): CodeIgniter\CodeIgniter->handleRequest(null, Object(Config\Cache), false)
 9 FCPATH\index.php(79): CodeIgniter\CodeIgniter->run()
10 SYSTEMPATH\Commands\Server\rewrite.php(47): require_once('H:\\xamp\\htdocs\\0.codeigniter\\ci_dashboard\\public\\index.php')
CRITICAL - 2023-10-18 19:55:44 --> Undefined variable $store
in APPPATH\Views\dashboard\store_issue.php on line 108.
 1 APPPATH\Views\dashboard\store_issue.php(108): CodeIgniter\Debug\Exceptions->errorHandler(2, 'Undefined variable $store', 'H:\\xamp\\htdocs\\0.codeigniter\\ci_dashboard\\app\\Views\\dashboard\\store_issue.php', 108)
 2 SYSTEMPATH\View\View.php(226): include('H:\\xamp\\htdocs\\0.codeigniter\\ci_dashboard\\app\\Views\\dashboard\\store_issue.php')
 3 SYSTEMPATH\View\View.php(229): CodeIgniter\View\View->CodeIgniter\View\{closure}()
 4 SYSTEMPATH\Common.php(1188): CodeIgniter\View\View->render('dashboard/store_issue', [], true)
 5 APPPATH\Controllers\UserController.php(262): view('dashboard/store_issue', [...])
 6 SYSTEMPATH\CodeIgniter.php(919): App\Controllers\UserController->s_search()
 7 SYSTEMPATH\CodeIgniter.php(494): CodeIgniter\CodeIgniter->runController(Object(App\Controllers\UserController))
 8 SYSTEMPATH\CodeIgniter.php(353): CodeIgniter\CodeIgniter->handleRequest(null, Object(Config\Cache), false)
 9 FCPATH\index.php(79): CodeIgniter\CodeIgniter->run()
10 SYSTEMPATH\Commands\Server\rewrite.php(47): require_once('H:\\xamp\\htdocs\\0.codeigniter\\ci_dashboard\\public\\index.php')
CRITICAL - 2023-10-18 19:56:16 --> Undefined variable $issue
in APPPATH\Views\dashboard\store_issue.php on line 108.
 1 APPPATH\Views\dashboard\store_issue.php(108): CodeIgniter\Debug\Exceptions->errorHandler(2, 'Undefined variable $issue', 'H:\\xamp\\htdocs\\0.codeigniter\\ci_dashboard\\app\\Views\\dashboard\\store_issue.php', 108)
 2 SYSTEMPATH\View\View.php(226): include('H:\\xamp\\htdocs\\0.codeigniter\\ci_dashboard\\app\\Views\\dashboard\\store_issue.php')
 3 SYSTEMPATH\View\View.php(229): CodeIgniter\View\View->CodeIgniter\View\{closure}()
 4 SYSTEMPATH\Common.php(1188): CodeIgniter\View\View->render('dashboard/store_issue', [], true)
 5 APPPATH\Controllers\UserController.php(262): view('dashboard/store_issue', [...])
 6 SYSTEMPATH\CodeIgniter.php(919): App\Controllers\UserController->s_search()
 7 SYSTEMPATH\CodeIgniter.php(494): CodeIgniter\CodeIgniter->runController(Object(App\Controllers\UserController))
 8 SYSTEMPATH\CodeIgniter.php(353): CodeIgniter\CodeIgniter->handleRequest(null, Object(Config\Cache), false)
 9 FCPATH\index.php(79): CodeIgniter\CodeIgniter->run()
10 SYSTEMPATH\Commands\Server\rewrite.php(47): require_once('H:\\xamp\\htdocs\\0.codeigniter\\ci_dashboard\\public\\index.php')
INFO - 2023-10-18 19:59:12 --> Session: Class initialized using 'CodeIgniter\Session\Handlers\FileHandler' driver.
INFO - 2023-10-18 19:59:16 --> Session: Class initialized using 'CodeIgniter\Session\Handlers\FileHandler' driver.
INFO - 2023-10-18 19:59:25 --> Session: Class initialized using 'CodeIgniter\Session\Handlers\FileHandler' driver.
INFO - 2023-10-18 19:59:39 --> Session: Class initialized using 'CodeIgniter\Session\Handlers\FileHandler' driver.
INFO - 2023-10-18 20:00:19 --> Session: Class initialized using 'CodeIgniter\Session\Handlers\FileHandler' driver.
INFO - 2023-10-18 20:00:45 --> Session: Class initialized using 'CodeIgniter\Session\Handlers\FileHandler' driver.
INFO - 2023-10-18 20:01:07 --> Session: Class initialized using 'CodeIgniter\Session\Handlers\FileHandler' driver.
INFO - 2023-10-18 20:01:53 --> Session: Class initialized using 'CodeIgniter\Session\Handlers\FileHandler' driver.
