CRITICAL - 2023-10-19 03:09:05 --> Undefined property: stdClass::$issue_date
in APPPATH\Views\dashboard\studentDetails.php on line 80.
 1 APPPATH\Views\dashboard\studentDetails.php(80): CodeIgniter\Debug\Exceptions->errorHandler(2, 'Undefined property: stdClass::$issue_date', 'E:\\xampp\\htdocs\\0.codeigniter\\ci_dashboard\\app\\Views\\dashboard\\studentDetails.php', 80)
 2 SYSTEMPATH\View\View.php(226): include('E:\\xampp\\htdocs\\0.codeigniter\\ci_dashboard\\app\\Views\\dashboard\\studentDetails.php')
 3 SYSTEMPATH\View\View.php(229): CodeIgniter\View\View->CodeIgniter\View\{closure}()
 4 SYSTEMPATH\Common.php(1188): CodeIgniter\View\View->render('dashboard/studentDetails', [], true)
 5 APPPATH\Controllers\UserController.php(215): view('dashboard/studentDetails', [...])
 6 SYSTEMPATH\CodeIgniter.php(919): App\Controllers\UserController->student_details('15')
 7 SYSTEMPATH\CodeIgniter.php(494): CodeIgniter\CodeIgniter->runController(Object(App\Controllers\UserController))
 8 SYSTEMPATH\CodeIgniter.php(353): CodeIgniter\CodeIgniter->handleRequest(null, Object(Config\Cache), false)
 9 FCPATH\index.php(79): CodeIgniter\CodeIgniter->run()
10 SYSTEMPATH\Commands\Server\rewrite.php(47): require_once('E:\\xampp\\htdocs\\0.codeigniter\\ci_dashboard\\public\\index.php')
INFO - 2023-10-19 03:16:43 --> Session: Class initialized using 'CodeIgniter\Session\Handlers\FileHandler' driver.
INFO - 2023-10-19 03:17:04 --> Session: Class initialized using 'CodeIgniter\Session\Handlers\FileHandler' driver.
INFO - 2023-10-19 03:17:16 --> Session: Class initialized using 'CodeIgniter\Session\Handlers\FileHandler' driver.
INFO - 2023-10-19 03:17:36 --> Session: Class initialized using 'CodeIgniter\Session\Handlers\FileHandler' driver.
CRITICAL - 2023-10-19 03:26:21 --> Undefined variable $rowCount
in APPPATH\Views\dashboard\home.php on line 23.
 1 APPPATH\Views\dashboard\home.php(23): CodeIgniter\Debug\Exceptions->errorHandler(2, 'Undefined variable $rowCount', 'E:\\xampp\\htdocs\\0.codeigniter\\ci_dashboard\\app\\Views\\dashboard\\home.php', 23)
 2 SYSTEMPATH\View\View.php(226): include('E:\\xampp\\htdocs\\0.codeigniter\\ci_dashboard\\app\\Views\\dashboard\\home.php')
 3 SYSTEMPATH\View\View.php(229): CodeIgniter\View\View->CodeIgniter\View\{closure}()
 4 SYSTEMPATH\Common.php(1188): CodeIgniter\View\View->render('dashboard/home', [], true)
 5 APPPATH\Controllers\UserController.php(15): view('dashboard/home', [...])
 6 SYSTEMPATH\CodeIgniter.php(919): App\Controllers\UserController->index()
 7 SYSTEMPATH\CodeIgniter.php(494): CodeIgniter\CodeIgniter->runController(Object(App\Controllers\UserController))
 8 SYSTEMPATH\CodeIgniter.php(353): CodeIgniter\CodeIgniter->handleRequest(null, Object(Config\Cache), false)
 9 FCPATH\index.php(79): CodeIgniter\CodeIgniter->run()
10 SYSTEMPATH\Commands\Server\rewrite.php(47): require_once('E:\\xampp\\htdocs\\0.codeigniter\\ci_dashboard\\public\\index.php')
CRITICAL - 2023-10-19 03:27:55 --> Undefined variable $rowCount
in APPPATH\Views\dashboard\home.php on line 23.
 1 APPPATH\Views\dashboard\home.php(23): CodeIgniter\Debug\Exceptions->errorHandler(2, 'Undefined variable $rowCount', 'E:\\xampp\\htdocs\\0.codeigniter\\ci_dashboard\\app\\Views\\dashboard\\home.php', 23)
 2 SYSTEMPATH\View\View.php(226): include('E:\\xampp\\htdocs\\0.codeigniter\\ci_dashboard\\app\\Views\\dashboard\\home.php')
 3 SYSTEMPATH\View\View.php(229): CodeIgniter\View\View->CodeIgniter\View\{closure}()
 4 SYSTEMPATH\Common.php(1188): CodeIgniter\View\View->render('dashboard/home', [], true)
 5 APPPATH\Controllers\UserController.php(15): view('dashboard/home', [...])
 6 SYSTEMPATH\CodeIgniter.php(919): App\Controllers\UserController->index()
 7 SYSTEMPATH\CodeIgniter.php(494): CodeIgniter\CodeIgniter->runController(Object(App\Controllers\UserController))
 8 SYSTEMPATH\CodeIgniter.php(353): CodeIgniter\CodeIgniter->handleRequest(null, Object(Config\Cache), false)
 9 FCPATH\index.php(79): CodeIgniter\CodeIgniter->run()
10 SYSTEMPATH\Commands\Server\rewrite.php(47): require_once('E:\\xampp\\htdocs\\0.codeigniter\\ci_dashboard\\public\\index.php')
CRITICAL - 2023-10-19 03:27:58 --> Undefined variable $rowCount
in APPPATH\Views\dashboard\home.php on line 23.
 1 APPPATH\Views\dashboard\home.php(23): CodeIgniter\Debug\Exceptions->errorHandler(2, 'Undefined variable $rowCount', 'E:\\xampp\\htdocs\\0.codeigniter\\ci_dashboard\\app\\Views\\dashboard\\home.php', 23)
 2 SYSTEMPATH\View\View.php(226): include('E:\\xampp\\htdocs\\0.codeigniter\\ci_dashboard\\app\\Views\\dashboard\\home.php')
 3 SYSTEMPATH\View\View.php(229): CodeIgniter\View\View->CodeIgniter\View\{closure}()
 4 SYSTEMPATH\Common.php(1188): CodeIgniter\View\View->render('dashboard/home', [], true)
 5 APPPATH\Controllers\UserController.php(15): view('dashboard/home', [...])
 6 SYSTEMPATH\CodeIgniter.php(919): App\Controllers\UserController->index()
 7 SYSTEMPATH\CodeIgniter.php(494): CodeIgniter\CodeIgniter->runController(Object(App\Controllers\UserController))
 8 SYSTEMPATH\CodeIgniter.php(353): CodeIgniter\CodeIgniter->handleRequest(null, Object(Config\Cache), false)
 9 FCPATH\index.php(79): CodeIgniter\CodeIgniter->run()
10 SYSTEMPATH\Commands\Server\rewrite.php(47): require_once('E:\\xampp\\htdocs\\0.codeigniter\\ci_dashboard\\public\\index.php')
CRITICAL - 2023-10-19 03:28:28 --> Undefined variable $rowCount
in APPPATH\Views\dashboard\home.php on line 23.
 1 APPPATH\Views\dashboard\home.php(23): CodeIgniter\Debug\Exceptions->errorHandler(2, 'Undefined variable $rowCount', 'E:\\xampp\\htdocs\\0.codeigniter\\ci_dashboard\\app\\Views\\dashboard\\home.php', 23)
 2 SYSTEMPATH\View\View.php(226): include('E:\\xampp\\htdocs\\0.codeigniter\\ci_dashboard\\app\\Views\\dashboard\\home.php')
 3 SYSTEMPATH\View\View.php(229): CodeIgniter\View\View->CodeIgniter\View\{closure}()
 4 SYSTEMPATH\Common.php(1188): CodeIgniter\View\View->render('dashboard/home', [], true)
 5 APPPATH\Controllers\UserController.php(15): view('dashboard/home', [...])
 6 SYSTEMPATH\CodeIgniter.php(919): App\Controllers\UserController->index()
 7 SYSTEMPATH\CodeIgniter.php(494): CodeIgniter\CodeIgniter->runController(Object(App\Controllers\UserController))
 8 SYSTEMPATH\CodeIgniter.php(353): CodeIgniter\CodeIgniter->handleRequest(null, Object(Config\Cache), false)
 9 FCPATH\index.php(79): CodeIgniter\CodeIgniter->run()
10 SYSTEMPATH\Commands\Server\rewrite.php(47): require_once('E:\\xampp\\htdocs\\0.codeigniter\\ci_dashboard\\public\\index.php')
CRITICAL - 2023-10-19 03:29:45 --> Undefined variable $model
in APPPATH\Controllers\UserController.php on line 15.
 1 APPPATH\Controllers\UserController.php(15): CodeIgniter\Debug\Exceptions->errorHandler(2, 'Undefined variable $model', 'E:\\xampp\\htdocs\\0.codeigniter\\ci_dashboard\\app\\Controllers\\UserController.php', 15)
 2 SYSTEMPATH\CodeIgniter.php(919): App\Controllers\UserController->index()
 3 SYSTEMPATH\CodeIgniter.php(494): CodeIgniter\CodeIgniter->runController(Object(App\Controllers\UserController))
 4 SYSTEMPATH\CodeIgniter.php(353): CodeIgniter\CodeIgniter->handleRequest(null, Object(Config\Cache), false)
 5 FCPATH\index.php(79): CodeIgniter\CodeIgniter->run()
 6 SYSTEMPATH\Commands\Server\rewrite.php(47): require_once('E:\\xampp\\htdocs\\0.codeigniter\\ci_dashboard\\public\\index.php')
INFO - 2023-10-19 03:32:17 --> Session: Class initialized using 'CodeIgniter\Session\Handlers\FileHandler' driver.
CRITICAL - 2023-10-19 03:42:47 --> Undefined variable $studentdata
in APPPATH\Controllers\UserController.php on line 15.
 1 APPPATH\Controllers\UserController.php(15): CodeIgniter\Debug\Exceptions->errorHandler(2, 'Undefined variable $studentdata', 'E:\\xampp\\htdocs\\0.codeigniter\\ci_dashboard\\app\\Controllers\\UserController.php', 15)
 2 SYSTEMPATH\CodeIgniter.php(919): App\Controllers\UserController->index()
 3 SYSTEMPATH\CodeIgniter.php(494): CodeIgniter\CodeIgniter->runController(Object(App\Controllers\UserController))
 4 SYSTEMPATH\CodeIgniter.php(353): CodeIgniter\CodeIgniter->handleRequest(null, Object(Config\Cache), false)
 5 FCPATH\index.php(79): CodeIgniter\CodeIgniter->run()
 6 SYSTEMPATH\Commands\Server\rewrite.php(47): require_once('E:\\xampp\\htdocs\\0.codeigniter\\ci_dashboard\\public\\index.php')
CRITICAL - 2023-10-19 03:44:45 --> Undefined variable $studentCount
in APPPATH\Views\dashboard\home.php on line 8.
 1 APPPATH\Views\dashboard\home.php(8): CodeIgniter\Debug\Exceptions->errorHandler(2, 'Undefined variable $studentCount', 'E:\\xampp\\htdocs\\0.codeigniter\\ci_dashboard\\app\\Views\\dashboard\\home.php', 8)
 2 SYSTEMPATH\View\View.php(226): include('E:\\xampp\\htdocs\\0.codeigniter\\ci_dashboard\\app\\Views\\dashboard\\home.php')
 3 SYSTEMPATH\View\View.php(229): CodeIgniter\View\View->CodeIgniter\View\{closure}()
 4 SYSTEMPATH\Common.php(1188): CodeIgniter\View\View->render('dashboard/home', [...], true)
 5 APPPATH\Controllers\UserController.php(20): view('dashboard/home', [...], [...])
 6 SYSTEMPATH\CodeIgniter.php(919): App\Controllers\UserController->index()
 7 SYSTEMPATH\CodeIgniter.php(494): CodeIgniter\CodeIgniter->runController(Object(App\Controllers\UserController))
 8 SYSTEMPATH\CodeIgniter.php(353): CodeIgniter\CodeIgniter->handleRequest(null, Object(Config\Cache), false)
 9 FCPATH\index.php(79): CodeIgniter\CodeIgniter->run()
10 SYSTEMPATH\Commands\Server\rewrite.php(47): require_once('E:\\xampp\\htdocs\\0.codeigniter\\ci_dashboard\\public\\index.php')
CRITICAL - 2023-10-19 03:45:21 --> Undefined variable $studentCount
in APPPATH\Views\dashboard\home.php on line 8.
 1 APPPATH\Views\dashboard\home.php(8): CodeIgniter\Debug\Exceptions->errorHandler(2, 'Undefined variable $studentCount', 'E:\\xampp\\htdocs\\0.codeigniter\\ci_dashboard\\app\\Views\\dashboard\\home.php', 8)
 2 SYSTEMPATH\View\View.php(226): include('E:\\xampp\\htdocs\\0.codeigniter\\ci_dashboard\\app\\Views\\dashboard\\home.php')
 3 SYSTEMPATH\View\View.php(229): CodeIgniter\View\View->CodeIgniter\View\{closure}()
 4 SYSTEMPATH\Common.php(1188): CodeIgniter\View\View->render('dashboard/home', [...], true)
 5 APPPATH\Controllers\UserController.php(20): view('dashboard/home', [...], [...])
 6 SYSTEMPATH\CodeIgniter.php(919): App\Controllers\UserController->index()
 7 SYSTEMPATH\CodeIgniter.php(494): CodeIgniter\CodeIgniter->runController(Object(App\Controllers\UserController))
 8 SYSTEMPATH\CodeIgniter.php(353): CodeIgniter\CodeIgniter->handleRequest(null, Object(Config\Cache), false)
 9 FCPATH\index.php(79): CodeIgniter\CodeIgniter->run()
10 SYSTEMPATH\Commands\Server\rewrite.php(47): require_once('E:\\xampp\\htdocs\\0.codeigniter\\ci_dashboard\\public\\index.php')
CRITICAL - 2023-10-19 03:45:24 --> Undefined variable $studentCount
in APPPATH\Views\dashboard\home.php on line 8.
 1 APPPATH\Views\dashboard\home.php(8): CodeIgniter\Debug\Exceptions->errorHandler(2, 'Undefined variable $studentCount', 'E:\\xampp\\htdocs\\0.codeigniter\\ci_dashboard\\app\\Views\\dashboard\\home.php', 8)
 2 SYSTEMPATH\View\View.php(226): include('E:\\xampp\\htdocs\\0.codeigniter\\ci_dashboard\\app\\Views\\dashboard\\home.php')
 3 SYSTEMPATH\View\View.php(229): CodeIgniter\View\View->CodeIgniter\View\{closure}()
 4 SYSTEMPATH\Common.php(1188): CodeIgniter\View\View->render('dashboard/home', [...], true)
 5 APPPATH\Controllers\UserController.php(20): view('dashboard/home', [...], [...])
 6 SYSTEMPATH\CodeIgniter.php(919): App\Controllers\UserController->index()
 7 SYSTEMPATH\CodeIgniter.php(494): CodeIgniter\CodeIgniter->runController(Object(App\Controllers\UserController))
 8 SYSTEMPATH\CodeIgniter.php(353): CodeIgniter\CodeIgniter->handleRequest(null, Object(Config\Cache), false)
 9 FCPATH\index.php(79): CodeIgniter\CodeIgniter->run()
10 SYSTEMPATH\Commands\Server\rewrite.php(47): require_once('E:\\xampp\\htdocs\\0.codeigniter\\ci_dashboard\\public\\index.php')
CRITICAL - 2023-10-19 03:46:58 --> Undefined variable $studentCount
in APPPATH\Views\dashboard\home.php on line 8.
 1 APPPATH\Views\dashboard\home.php(8): CodeIgniter\Debug\Exceptions->errorHandler(2, 'Undefined variable $studentCount', 'E:\\xampp\\htdocs\\0.codeigniter\\ci_dashboard\\app\\Views\\dashboard\\home.php', 8)
 2 SYSTEMPATH\View\View.php(226): include('E:\\xampp\\htdocs\\0.codeigniter\\ci_dashboard\\app\\Views\\dashboard\\home.php')
 3 SYSTEMPATH\View\View.php(229): CodeIgniter\View\View->CodeIgniter\View\{closure}()
 4 SYSTEMPATH\Common.php(1188): CodeIgniter\View\View->render('dashboard/home', [...], true)
 5 APPPATH\Controllers\UserController.php(22): view('dashboard/home', [...], [...])
 6 SYSTEMPATH\CodeIgniter.php(919): App\Controllers\UserController->index()
 7 SYSTEMPATH\CodeIgniter.php(494): CodeIgniter\CodeIgniter->runController(Object(App\Controllers\UserController))
 8 SYSTEMPATH\CodeIgniter.php(353): CodeIgniter\CodeIgniter->handleRequest(null, Object(Config\Cache), false)
 9 FCPATH\index.php(79): CodeIgniter\CodeIgniter->run()
10 SYSTEMPATH\Commands\Server\rewrite.php(47): require_once('E:\\xampp\\htdocs\\0.codeigniter\\ci_dashboard\\public\\index.php')
CRITICAL - 2023-10-19 03:59:34 --> Call to undefined method App\Models\Author::countRows
in SYSTEMPATH\Model.php on line 873.
 1 APPPATH\Controllers\UserController.php(15): CodeIgniter\Model->__call('countRows', [])
 2 SYSTEMPATH\CodeIgniter.php(919): App\Controllers\UserController->index()
 3 SYSTEMPATH\CodeIgniter.php(494): CodeIgniter\CodeIgniter->runController(Object(App\Controllers\UserController))
 4 SYSTEMPATH\CodeIgniter.php(353): CodeIgniter\CodeIgniter->handleRequest(null, Object(Config\Cache), false)
 5 FCPATH\index.php(79): CodeIgniter\CodeIgniter->run()
 6 SYSTEMPATH\Commands\Server\rewrite.php(47): require_once('E:\\xampp\\htdocs\\0.codeigniter\\ci_dashboard\\public\\index.php')
CRITICAL - 2023-10-19 04:06:13 --> Call to undefined method App\Models\Store_Issue::countRows
in SYSTEMPATH\Model.php on line 873.
 1 APPPATH\Controllers\UserController.php(15): CodeIgniter\Model->__call('countRows', [])
 2 SYSTEMPATH\CodeIgniter.php(919): App\Controllers\UserController->index()
 3 SYSTEMPATH\CodeIgniter.php(494): CodeIgniter\CodeIgniter->runController(Object(App\Controllers\UserController))
 4 SYSTEMPATH\CodeIgniter.php(353): CodeIgniter\CodeIgniter->handleRequest(null, Object(Config\Cache), false)
 5 FCPATH\index.php(79): CodeIgniter\CodeIgniter->run()
 6 SYSTEMPATH\Commands\Server\rewrite.php(47): require_once('E:\\xampp\\htdocs\\0.codeigniter\\ci_dashboard\\public\\index.php')
CRITICAL - 2023-10-19 04:07:00 --> Call to undefined method App\Models\Store_Issue::countRows
in SYSTEMPATH\Model.php on line 873.
 1 APPPATH\Controllers\UserController.php(15): CodeIgniter\Model->__call('countRows', [])
 2 SYSTEMPATH\CodeIgniter.php(919): App\Controllers\UserController->index()
 3 SYSTEMPATH\CodeIgniter.php(494): CodeIgniter\CodeIgniter->runController(Object(App\Controllers\UserController))
 4 SYSTEMPATH\CodeIgniter.php(353): CodeIgniter\CodeIgniter->handleRequest(null, Object(Config\Cache), false)
 5 FCPATH\index.php(79): CodeIgniter\CodeIgniter->run()
 6 SYSTEMPATH\Commands\Server\rewrite.php(47): require_once('E:\\xampp\\htdocs\\0.codeigniter\\ci_dashboard\\public\\index.php')
INFO - 2023-10-19 04:28:26 --> Session: Class initialized using 'CodeIgniter\Session\Handlers\FileHandler' driver.
INFO - 2023-10-19 04:28:28 --> Session: Class initialized using 'CodeIgniter\Session\Handlers\FileHandler' driver.
INFO - 2023-10-19 05:58:06 --> Session: Class initialized using 'CodeIgniter\Session\Handlers\FileHandler' driver.
INFO - 2023-10-19 05:58:12 --> Session: Class initialized using 'CodeIgniter\Session\Handlers\FileHandler' driver.
INFO - 2023-10-19 06:18:14 --> Session: Class initialized using 'CodeIgniter\Session\Handlers\FileHandler' driver.
INFO - 2023-10-19 06:18:17 --> Session: Class initialized using 'CodeIgniter\Session\Handlers\FileHandler' driver.
INFO - 2023-10-19 06:19:29 --> Session: Class initialized using 'CodeIgniter\Session\Handlers\FileHandler' driver.
INFO - 2023-10-19 06:19:48 --> Session: Class initialized using 'CodeIgniter\Session\Handlers\FileHandler' driver.
INFO - 2023-10-19 06:40:07 --> Session: Class initialized using 'CodeIgniter\Session\Handlers\FileHandler' driver.
INFO - 2023-10-19 06:40:16 --> Session: Class initialized using 'CodeIgniter\Session\Handlers\FileHandler' driver.
INFO - 2023-10-19 06:43:16 --> Session: Class initialized using 'CodeIgniter\Session\Handlers\FileHandler' driver.
INFO - 2023-10-19 06:51:25 --> Session: Class initialized using 'CodeIgniter\Session\Handlers\FileHandler' driver.
INFO - 2023-10-19 06:56:49 --> Session: Class initialized using 'CodeIgniter\Session\Handlers\FileHandler' driver.
INFO - 2023-10-19 06:57:12 --> Session: Class initialized using 'CodeIgniter\Session\Handlers\FileHandler' driver.
INFO - 2023-10-19 07:04:02 --> Session: Class initialized using 'CodeIgniter\Session\Handlers\FileHandler' driver.
INFO - 2023-10-19 07:04:12 --> Session: Class initialized using 'CodeIgniter\Session\Handlers\FileHandler' driver.
INFO - 2023-10-19 07:04:18 --> Session: Class initialized using 'CodeIgniter\Session\Handlers\FileHandler' driver.
INFO - 2023-10-19 07:18:22 --> Session: Class initialized using 'CodeIgniter\Session\Handlers\FileHandler' driver.
INFO - 2023-10-19 07:19:20 --> Session: Class initialized using 'CodeIgniter\Session\Handlers\FileHandler' driver.
INFO - 2023-10-19 07:20:03 --> Session: Class initialized using 'CodeIgniter\Session\Handlers\FileHandler' driver.
INFO - 2023-10-19 07:20:41 --> Session: Class initialized using 'CodeIgniter\Session\Handlers\FileHandler' driver.
INFO - 2023-10-19 07:22:07 --> Session: Class initialized using 'CodeIgniter\Session\Handlers\FileHandler' driver.
INFO - 2023-10-19 07:23:04 --> Session: Class initialized using 'CodeIgniter\Session\Handlers\FileHandler' driver.
INFO - 2023-10-19 07:23:59 --> Session: Class initialized using 'CodeIgniter\Session\Handlers\FileHandler' driver.
INFO - 2023-10-19 07:24:06 --> Session: Class initialized using 'CodeIgniter\Session\Handlers\FileHandler' driver.
INFO - 2023-10-19 07:24:46 --> Session: Class initialized using 'CodeIgniter\Session\Handlers\FileHandler' driver.
INFO - 2023-10-19 07:33:18 --> Session: Class initialized using 'CodeIgniter\Session\Handlers\FileHandler' driver.
INFO - 2023-10-19 08:04:00 --> Session: Class initialized using 'CodeIgniter\Session\Handlers\FileHandler' driver.
INFO - 2023-10-19 08:04:59 --> Session: Class initialized using 'CodeIgniter\Session\Handlers\FileHandler' driver.
INFO - 2023-10-19 08:05:28 --> Session: Class initialized using 'CodeIgniter\Session\Handlers\FileHandler' driver.
INFO - 2023-10-19 08:06:44 --> Session: Class initialized using 'CodeIgniter\Session\Handlers\FileHandler' driver.
INFO - 2023-10-19 08:06:55 --> Session: Class initialized using 'CodeIgniter\Session\Handlers\FileHandler' driver.
INFO - 2023-10-19 08:07:03 --> Session: Class initialized using 'CodeIgniter\Session\Handlers\FileHandler' driver.
INFO - 2023-10-19 08:07:21 --> Session: Class initialized using 'CodeIgniter\Session\Handlers\FileHandler' driver.
INFO - 2023-10-19 08:18:15 --> Session: Class initialized using 'CodeIgniter\Session\Handlers\FileHandler' driver.
INFO - 2023-10-19 08:19:07 --> Session: Class initialized using 'CodeIgniter\Session\Handlers\FileHandler' driver.
